Using pre-set license
Built from '2020.3/staging' branch; Version is '2020.3.0f1 (c7b5465681fb) revision 13088070'; Using compiler version '192528614'; Build Type 'Release'
OS: 'Windows 10 Home; OS build 19041.985; Version 2004; 64bit' Language: 'zh' Physical Memory: 8076 MB
BatchMode: 1, IsHumanControllingUs: 0, StartBugReporterOnCrash: 0, Is64bit: 1, IsPro: 0

 COMMAND LINE ARGUMENTS:
D:\unity\2020.3.0f1\Editor\Unity.exe
-adb2
-batchMode
-noUpm
-name
AssetImportWorker1
-projectPath
D:/UnityProject/Finalwork_2D_Memory/Finalwork_2D_Memory
-logFile
Logs/AssetImportWorker1.log
-srvPort
7300
Successfully changed project path to: D:/UnityProject/Finalwork_2D_Memory/Finalwork_2D_Memory
D:/UnityProject/Finalwork_2D_Memory/Finalwork_2D_Memory
Using Asset Import Pipeline V2.
Refreshing native plugins compatible for Editor in 49.54 ms, found 0 plugins.
Preloading 0 native plugins for Editor in 0.00 ms.
Initialize engine version: 2020.3.0f1 (c7b5465681fb)
[Subsystems] Discovering subsystems at path D:/unity/2020.3.0f1/Editor/Data/Resources/UnitySubsystems
[Subsystems] Discovering subsystems at path D:/UnityProject/Finalwork_2D_Memory/Finalwork_2D_Memory/Assets
GfxDevice: creating device client; threaded=0
Direct3D:
    Version:  Direct3D 11.0 [level 11.1]
    Renderer: NVIDIA GeForce GTX 1050 Ti (ID=0x1c8c)
    Vendor:   
    VRAM:     4021 MB
    Driver:   27.21.14.6647
Initialize mono
Mono path[0] = 'D:/unity/2020.3.0f1/Editor/Data/Managed'
Mono path[1] = 'D:/unity/2020.3.0f1/Editor/Data/MonoBleedingEdge/lib/mono/unityjit'
Mono config path = 'D:/unity/2020.3.0f1/Editor/Data/MonoBleedingEdge/etc'
Using monoOptions --debugger-agent=transport=dt_socket,embedding=1,server=y,suspend=n,address=127.0.0.1:56080
Begin MonoManager ReloadAssembly
Registering precompiled unity dll's ...
Register platform support module: D:/unity/2020.3.0f1/Editor/Data/PlaybackEngines/WindowsStandaloneSupport/UnityEditor.WindowsStandalone.Extensions.dll
Registered in 0.001923 seconds.
Native extension for WindowsStandalone target not found
Refreshing native plugins compatible for Editor in 47.12 ms, found 0 plugins.
Preloading 0 native plugins for Editor in 0.00 ms.
Invoked RoslynAnalysisRunner static constructor.
RoslynAnalysisRunner will not be running.
RoslynAnalysisRunner has terminated.
Mono: successfully reloaded assembly
- Completed reload, in  1.660 seconds
Platform modules already initialized, skipping
Registering precompiled user dll's ...
Registered in 0.001161 seconds.
Begin MonoManager ReloadAssembly
Native extension for WindowsStandalone target not found
Refreshing native plugins compatible for Editor in 47.40 ms, found 0 plugins.
Preloading 0 native plugins for Editor in 0.00 ms.
Invoked RoslynAnalysisRunner static constructor.
RoslynAnalysisRunner will not be running.
RoslynAnalysisRunner has terminated.
Mono: successfully reloaded assembly
- Completed reload, in  1.295 seconds
Platform modules already initialized, skipping
========================================================================
Worker process is ready to serve import requests
Launched and connected shader compiler UnityShaderCompiler.exe after 0.14 seconds
Refreshing native plugins compatible for Editor in 0.41 ms, found 0 plugins.
Preloading 0 native plugins for Editor in 0.00 ms.
Unloading 2167 Unused Serialized files (Serialized files now loaded: 0)
System memory in use before: 91.3 MB.
System memory in use after: 91.4 MB.

Unloading 14 unused Assets to reduce memory usage. Loaded Objects now: 2616.
Total: 3.045200 ms (FindLiveObjects: 0.500700 ms CreateObjectMapping: 0.221900 ms MarkObjects: 2.229300 ms  DeleteObjects: 0.090700 ms)

========================================================================
Received Import Request.
  path: Assets/No.2 game_1.wav
  artifactKey: Guid(9d3c80df3bdf29d49b6ec786ebe2b971) Importer(815301076,1909f56bfc062723c751e8b465ee728b)
Start importing Assets/No.2 game_1.wav using Guid(9d3c80df3bdf29d49b6ec786ebe2b971) Importer(815301076,1909f56bfc062723c751e8b465ee728b)  -> (artifact id: '4d7ade842f4c62104833a407d1d624cd') in 0.321737 seconds
  Import took 0.364523 seconds .

========================================================================
Received Import Request.
  Time since last request: 0.218083 seconds.
  path: Assets/No.2 game_1.wav
  artifactKey: Guid(9d3c80df3bdf29d49b6ec786ebe2b971) Importer(815301076,1909f56bfc062723c751e8b465ee728b)
Start importing Assets/No.2 game_1.wav using Guid(9d3c80df3bdf29d49b6ec786ebe2b971) Importer(815301076,1909f56bfc062723c751e8b465ee728b)  -> (artifact id: '4d7ade842f4c62104833a407d1d624cd') in 0.011723 seconds
  Import took 0.052079 seconds .

========================================================================
Received Import Request.
  Time since last request: 28.688008 seconds.
  path: Assets/Scenes/LittleGame/littleG05.unity
  artifactKey: Guid(1061f51d424a27348846daa64fc5f229) Importer(815301076,1909f56bfc062723c751e8b465ee728b)
Start importing Assets/Scenes/LittleGame/littleG05.unity using Guid(1061f51d424a27348846daa64fc5f229) Importer(815301076,1909f56bfc062723c751e8b465ee728b)  -> (artifact id: '402776aced8d34b720c0fc01be032b4e') in 0.005143 seconds
  Import took 0.057088 seconds .

========================================================================
Received Prepare
Registering precompiled user dll's ...
Registered in 0.001075 seconds.
Begin MonoManager ReloadAssembly
Native extension for WindowsStandalone target not found
Refreshing native plugins compatible for Editor in 0.42 ms, found 0 plugins.
Preloading 0 native plugins for Editor in 0.00 ms.
Invoked RoslynAnalysisRunner static constructor.
RoslynAnalysisRunner will not be running.
RoslynAnalysisRunner has terminated.
Mono: successfully reloaded assembly
- Completed reload, in  1.145 seconds
Platform modules already initialized, skipping
Refreshing native plugins compatible for Editor in 0.46 ms, found 0 plugins.
Preloading 0 native plugins for Editor in 0.00 ms.
Unloading 2149 Unused Serialized files (Serialized files now loaded: 0)
System memory in use before: 93.5 MB.
System memory in use after: 93.6 MB.

Unloading 5 unused Assets to reduce memory usage. Loaded Objects now: 2628.
Total: 2.627900 ms (FindLiveObjects: 0.469100 ms CreateObjectMapping: 0.191700 ms MarkObjects: 1.918600 ms  DeleteObjects: 0.046500 ms)

========================================================================
Received Prepare
Registering precompiled user dll's ...
Registered in 0.001087 seconds.
Begin MonoManager ReloadAssembly
Native extension for WindowsStandalone target not found
Refreshing native plugins compatible for Editor in 0.36 ms, found 0 plugins.
Preloading 0 native plugins for Editor in 0.00 ms.
Invoked RoslynAnalysisRunner static constructor.
RoslynAnalysisRunner will not be running.
RoslynAnalysisRunner has terminated.
Mono: successfully reloaded assembly
- Completed reload, in  1.605 seconds
Platform modules already initialized, skipping
Refreshing native plugins compatible for Editor in 0.40 ms, found 0 plugins.
Preloading 0 native plugins for Editor in 0.00 ms.
Unloading 2149 Unused Serialized files (Serialized files now loaded: 0)
System memory in use before: 93.5 MB.
System memory in use after: 93.6 MB.

Unloading 5 unused Assets to reduce memory usage. Loaded Objects now: 2631.
Total: 3.099400 ms (FindLiveObjects: 0.336100 ms CreateObjectMapping: 0.105700 ms MarkObjects: 2.636300 ms  DeleteObjects: 0.019500 ms)

========================================================================
Received Prepare
Registering precompiled user dll's ...
Registered in 0.001137 seconds.
Begin MonoManager ReloadAssembly
Native extension for WindowsStandalone target not found
Refreshing native plugins compatible for Editor in 0.63 ms, found 0 plugins.
Preloading 0 native plugins for Editor in 0.00 ms.
Invoked RoslynAnalysisRunner static constructor.
RoslynAnalysisRunner will not be running.
RoslynAnalysisRunner has terminated.
Mono: successfully reloaded assembly
- Completed reload, in  1.327 seconds
Platform modules already initialized, skipping
Refreshing native plugins compatible for Editor in 0.78 ms, found 0 plugins.
Preloading 0 native plugins for Editor in 0.00 ms.
Unloading 2149 Unused Serialized files (Serialized files now loaded: 0)
System memory in use before: 93.5 MB.
System memory in use after: 93.6 MB.

Unloading 5 unused Assets to reduce memory usage. Loaded Objects now: 2634.
Total: 2.576100 ms (FindLiveObjects: 0.412200 ms CreateObjectMapping: 0.193900 ms MarkObjects: 1.948200 ms  DeleteObjects: 0.019800 ms)

========================================================================
Received Prepare
Registering precompiled user dll's ...
Registered in 0.001181 seconds.
Begin MonoManager ReloadAssembly
Native extension for WindowsStandalone target not found
Refreshing native plugins compatible for Editor in 0.49 ms, found 0 plugins.
Preloading 0 native plugins for Editor in 0.00 ms.
Invoked RoslynAnalysisRunner static constructor.
RoslynAnalysisRunner will not be running.
RoslynAnalysisRunner has terminated.
Mono: successfully reloaded assembly
- Completed reload, in  1.234 seconds
Platform modules already initialized, skipping
Refreshing native plugins compatible for Editor in 0.43 ms, found 0 plugins.
Preloading 0 native plugins for Editor in 0.00 ms.
Unloading 2149 Unused Serialized files (Serialized files now loaded: 0)
System memory in use before: 93.5 MB.
System memory in use after: 93.7 MB.

Unloading 5 unused Assets to reduce memory usage. Loaded Objects now: 2637.
Total: 2.384000 ms (FindLiveObjects: 0.382100 ms CreateObjectMapping: 0.103200 ms MarkObjects: 1.874900 ms  DeleteObjects: 0.021100 ms)

========================================================================
Received Prepare
Registering precompiled user dll's ...
Registered in 0.001133 seconds.
Begin MonoManager ReloadAssembly
Native extension for WindowsStandalone target not found
Refreshing native plugins compatible for Editor in 0.62 ms, found 0 plugins.
Preloading 0 native plugins for Editor in 0.00 ms.
Invoked RoslynAnalysisRunner static constructor.
RoslynAnalysisRunner will not be running.
RoslynAnalysisRunner has terminated.
Mono: successfully reloaded assembly
- Completed reload, in  1.080 seconds
Platform modules already initialized, skipping
Refreshing native plugins compatible for Editor in 0.39 ms, found 0 plugins.
Preloading 0 native plugins for Editor in 0.00 ms.
Unloading 2149 Unused Serialized files (Serialized files now loaded: 0)
System memory in use before: 93.5 MB.
System memory in use after: 93.6 MB.

Unloading 5 unused Assets to reduce memory usage. Loaded Objects now: 2640.
Total: 2.559700 ms (FindLiveObjects: 0.316500 ms CreateObjectMapping: 0.143300 ms MarkObjects: 2.054800 ms  DeleteObjects: 0.041200 ms)

========================================================================
Received Prepare
Registering precompiled user dll's ...
Registered in 0.001693 seconds.
Begin MonoManager ReloadAssembly
Native extension for WindowsStandalone target not found
Refreshing native plugins compatible for Editor in 0.40 ms, found 0 plugins.
Preloading 0 native plugins for Editor in 0.00 ms.
Invoked RoslynAnalysisRunner static constructor.
RoslynAnalysisRunner will not be running.
RoslynAnalysisRunner has terminated.
Mono: successfully reloaded assembly
- Completed reload, in  1.171 seconds
Platform modules already initialized, skipping
Refreshing native plugins compatible for Editor in 0.39 ms, found 0 plugins.
Preloading 0 native plugins for Editor in 0.00 ms.
Unloading 2149 Unused Serialized files (Serialized files now loaded: 0)
System memory in use before: 93.6 MB.
System memory in use after: 93.7 MB.

Unloading 5 unused Assets to reduce memory usage. Loaded Objects now: 2643.
Total: 2.345000 ms (FindLiveObjects: 0.331000 ms CreateObjectMapping: 0.111800 ms MarkObjects: 1.857000 ms  DeleteObjects: 0.044000 ms)

========================================================================
Received Prepare
Registering precompiled user dll's ...
Registered in 0.001164 seconds.
Begin MonoManager ReloadAssembly
Native extension for WindowsStandalone target not found
Refreshing native plugins compatible for Editor in 0.39 ms, found 0 plugins.
Preloading 0 native plugins for Editor in 0.00 ms.
Invoked RoslynAnalysisRunner static constructor.
RoslynAnalysisRunner will not be running.
RoslynAnalysisRunner has terminated.
Mono: successfully reloaded assembly
- Completed reload, in  1.204 seconds
Platform modules already initialized, skipping
Refreshing native plugins compatible for Editor in 0.41 ms, found 0 plugins.
Preloading 0 native plugins for Editor in 0.00 ms.
Unloading 2149 Unused Serialized files (Serialized files now loaded: 0)
System memory in use before: 93.6 MB.
System memory in use after: 93.7 MB.

Unloading 5 unused Assets to reduce memory usage. Loaded Objects now: 2646.
Total: 2.615400 ms (FindLiveObjects: 0.423400 ms CreateObjectMapping: 0.166600 ms MarkObjects: 1.998000 ms  DeleteObjects: 0.025900 ms)

========================================================================
Received Prepare
Registering precompiled user dll's ...
Registered in 0.001639 seconds.
Begin MonoManager ReloadAssembly
Native extension for WindowsStandalone target not found
Refreshing native plugins compatible for Editor in 0.38 ms, found 0 plugins.
Preloading 0 native plugins for Editor in 0.00 ms.
Invoked RoslynAnalysisRunner static constructor.
RoslynAnalysisRunner will not be running.
RoslynAnalysisRunner has terminated.
Mono: successfully reloaded assembly
- Completed reload, in  0.982 seconds
Platform modules already initialized, skipping
Refreshing native plugins compatible for Editor in 0.43 ms, found 0 plugins.
Preloading 0 native plugins for Editor in 0.00 ms.
Unloading 2149 Unused Serialized files (Serialized files now loaded: 0)
System memory in use before: 93.6 MB.
System memory in use after: 93.7 MB.

Unloading 5 unused Assets to reduce memory usage. Loaded Objects now: 2649.
Total: 2.690200 ms (FindLiveObjects: 0.736700 ms CreateObjectMapping: 0.166300 ms MarkObjects: 1.733200 ms  DeleteObjects: 0.051000 ms)

========================================================================
Received Prepare
Registering precompiled user dll's ...
Registered in 0.001305 seconds.
Begin MonoManager ReloadAssembly
Native extension for WindowsStandalone target not found
Refreshing native plugins compatible for Editor in 0.36 ms, found 0 plugins.
Preloading 0 native plugins for Editor in 0.00 ms.
Invoked RoslynAnalysisRunner static constructor.
RoslynAnalysisRunner will not be running.
RoslynAnalysisRunner has terminated.
Mono: successfully reloaded assembly
- Completed reload, in  1.079 seconds
Platform modules already initialized, skipping
Refreshing native plugins compatible for Editor in 0.40 ms, found 0 plugins.
Preloading 0 native plugins for Editor in 0.00 ms.
Unloading 2149 Unused Serialized files (Serialized files now loaded: 0)
System memory in use before: 93.6 MB.
System memory in use after: 93.7 MB.

Unloading 5 unused Assets to reduce memory usage. Loaded Objects now: 2652.
Total: 4.995000 ms (FindLiveObjects: 0.674000 ms CreateObjectMapping: 0.156200 ms MarkObjects: 4.064800 ms  DeleteObjects: 0.076800 ms)

========================================================================
Received Prepare
Registering precompiled user dll's ...
Registered in 0.001015 seconds.
Begin MonoManager ReloadAssembly
Native extension for WindowsStandalone target not found
Refreshing native plugins compatible for Editor in 0.45 ms, found 0 plugins.
Preloading 0 native plugins for Editor in 0.00 ms.
Invoked RoslynAnalysisRunner static constructor.
RoslynAnalysisRunner will not be running.
RoslynAnalysisRunner has terminated.
Mono: successfully reloaded assembly
- Completed reload, in  0.935 seconds
Platform modules already initialized, skipping
Refreshing native plugins compatible for Editor in 0.54 ms, found 0 plugins.
Preloading 0 native plugins for Editor in 0.00 ms.
Unloading 2149 Unused Serialized files (Serialized files now loaded: 0)
System memory in use before: 93.5 MB.
System memory in use after: 93.6 MB.

Unloading 5 unused Assets to reduce memory usage. Loaded Objects now: 2655.
Total: 3.153300 ms (FindLiveObjects: 0.630900 ms CreateObjectMapping: 0.179700 ms MarkObjects: 2.182100 ms  DeleteObjects: 0.157700 ms)

========================================================================
Received Prepare
Registering precompiled user dll's ...
Registered in 0.031797 seconds.
Begin MonoManager ReloadAssembly
Native extension for WindowsStandalone target not found
Refreshing native plugins compatible for Editor in 0.36 ms, found 0 plugins.
Preloading 0 native plugins for Editor in 0.00 ms.
Invoked RoslynAnalysisRunner static constructor.
RoslynAnalysisRunner will not be running.
RoslynAnalysisRunner has terminated.
Mono: successfully reloaded assembly
- Completed reload, in  1.624 seconds
Platform modules already initialized, skipping
Refreshing native plugins compatible for Editor in 1.17 ms, found 0 plugins.
Preloading 0 native plugins for Editor in 0.00 ms.
Unloading 2149 Unused Serialized files (Serialized files now loaded: 0)
System memory in use before: 93.6 MB.
System memory in use after: 93.7 MB.

Unloading 5 unused Assets to reduce memory usage. Loaded Objects now: 2658.
Total: 2.824000 ms (FindLiveObjects: 0.220000 ms CreateObjectMapping: 0.081700 ms MarkObjects: 2.495700 ms  DeleteObjects: 0.025200 ms)

========================================================================
Received Prepare
Registering precompiled user dll's ...
Registered in 0.001328 seconds.
Begin MonoManager ReloadAssembly
Native extension for WindowsStandalone target not found
Refreshing native plugins compatible for Editor in 0.50 ms, found 0 plugins.
Preloading 0 native plugins for Editor in 0.00 ms.
Invoked RoslynAnalysisRunner static constructor.
RoslynAnalysisRunner will not be running.
RoslynAnalysisRunner has terminated.
Mono: successfully reloaded assembly
- Completed reload, in  1.158 seconds
Platform modules already initialized, skipping
Refreshing native plugins compatible for Editor in 0.51 ms, found 0 plugins.
Preloading 0 native plugins for Editor in 0.00 ms.
Unloading 2149 Unused Serialized files (Serialized files now loaded: 0)
System memory in use before: 93.6 MB.
System memory in use after: 93.7 MB.

Unloading 5 unused Assets to reduce memory usage. Loaded Objects now: 2661.
Total: 2.759000 ms (FindLiveObjects: 0.550000 ms CreateObjectMapping: 0.239400 ms MarkObjects: 1.916000 ms  DeleteObjects: 0.051400 ms)

========================================================================
Received Prepare
Registering precompiled user dll's ...
Registered in 0.001055 seconds.
Begin MonoManager ReloadAssembly
Native extension for WindowsStandalone target not found
Refreshing native plugins compatible for Editor in 0.37 ms, found 0 plugins.
Preloading 0 native plugins for Editor in 0.00 ms.
Invoked RoslynAnalysisRunner static constructor.
RoslynAnalysisRunner will not be running.
RoslynAnalysisRunner has terminated.
Mono: successfully reloaded assembly
- Completed reload, in  1.064 seconds
Platform modules already initialized, skipping
Refreshing native plugins compatible for Editor in 0.39 ms, found 0 plugins.
Preloading 0 native plugins for Editor in 0.00 ms.
Unloading 2149 Unused Serialized files (Serialized files now loaded: 0)
System memory in use before: 93.6 MB.
System memory in use after: 93.7 MB.

Unloading 5 unused Assets to reduce memory usage. Loaded Objects now: 2664.
Total: 3.221600 ms (FindLiveObjects: 0.642800 ms CreateObjectMapping: 0.289000 ms MarkObjects: 2.254800 ms  DeleteObjects: 0.031200 ms)

========================================================================
Received Prepare
Registering precompiled user dll's ...
Registered in 0.001312 seconds.
Begin MonoManager ReloadAssembly
Native extension for WindowsStandalone target not found
Refreshing native plugins compatible for Editor in 0.39 ms, found 0 plugins.
Preloading 0 native plugins for Editor in 0.00 ms.
Invoked RoslynAnalysisRunner static constructor.
RoslynAnalysisRunner will not be running.
RoslynAnalysisRunner has terminated.
Mono: successfully reloaded assembly
- Completed reload, in  1.132 seconds
Platform modules already initialized, skipping
Refreshing native plugins compatible for Editor in 0.70 ms, found 0 plugins.
Preloading 0 native plugins for Editor in 0.00 ms.
Unloading 2149 Unused Serialized files (Serialized files now loaded: 0)
System memory in use before: 93.6 MB.
System memory in use after: 93.7 MB.

Unloading 5 unused Assets to reduce memory usage. Loaded Objects now: 2667.
Total: 2.497500 ms (FindLiveObjects: 0.410000 ms CreateObjectMapping: 0.159900 ms MarkObjects: 1.908400 ms  DeleteObjects: 0.017900 ms)

========================================================================
Received Prepare
Registering precompiled user dll's ...
Registered in 0.001067 seconds.
Begin MonoManager ReloadAssembly
Native extension for WindowsStandalone target not found
Refreshing native plugins compatible for Editor in 0.40 ms, found 0 plugins.
Preloading 0 native plugins for Editor in 0.00 ms.
Invoked RoslynAnalysisRunner static constructor.
RoslynAnalysisRunner will not be running.
RoslynAnalysisRunner has terminated.
Mono: successfully reloaded assembly
- Completed reload, in  0.967 seconds
Platform modules already initialized, skipping
Refreshing native plugins compatible for Editor in 0.52 ms, found 0 plugins.
Preloading 0 native plugins for Editor in 0.00 ms.
Unloading 2149 Unused Serialized files (Serialized files now loaded: 0)
System memory in use before: 93.5 MB.
System memory in use after: 93.6 MB.

Unloading 5 unused Assets to reduce memory usage. Loaded Objects now: 2670.
Total: 3.432500 ms (FindLiveObjects: 0.425400 ms CreateObjectMapping: 0.078900 ms MarkObjects: 2.903900 ms  DeleteObjects: 0.020400 ms)

========================================================================
Received Prepare
Registering precompiled user dll's ...
Registered in 0.001037 seconds.
Begin MonoManager ReloadAssembly
Native extension for WindowsStandalone target not found
Refreshing native plugins compatible for Editor in 0.46 ms, found 0 plugins.
Preloading 0 native plugins for Editor in 0.00 ms.
Invoked RoslynAnalysisRunner static constructor.
RoslynAnalysisRunner will not be running.
RoslynAnalysisRunner has terminated.
Mono: successfully reloaded assembly
- Completed reload, in  1.033 seconds
Platform modules already initialized, skipping
Refreshing native plugins compatible for Editor in 0.80 ms, found 0 plugins.
Preloading 0 native plugins for Editor in 0.00 ms.
Unloading 2149 Unused Serialized files (Serialized files now loaded: 0)
System memory in use before: 93.6 MB.
System memory in use after: 93.7 MB.

Unloading 5 unused Assets to reduce memory usage. Loaded Objects now: 2673.
Total: 3.522200 ms (FindLiveObjects: 0.416700 ms CreateObjectMapping: 0.161700 ms MarkObjects: 2.913500 ms  DeleteObjects: 0.028700 ms)

========================================================================
Received Prepare
Registering precompiled user dll's ...
Registered in 0.001082 seconds.
Begin MonoManager ReloadAssembly
Native extension for WindowsStandalone target not found
Refreshing native plugins compatible for Editor in 0.43 ms, found 0 plugins.
Preloading 0 native plugins for Editor in 0.00 ms.
Invoked RoslynAnalysisRunner static constructor.
RoslynAnalysisRunner will not be running.
RoslynAnalysisRunner has terminated.
Mono: successfully reloaded assembly
- Completed reload, in  1.152 seconds
Platform modules already initialized, skipping
Refreshing native plugins compatible for Editor in 0.46 ms, found 0 plugins.
Preloading 0 native plugins for Editor in 0.00 ms.
Unloading 2149 Unused Serialized files (Serialized files now loaded: 0)
System memory in use before: 93.6 MB.
System memory in use after: 93.7 MB.

Unloading 5 unused Assets to reduce memory usage. Loaded Objects now: 2676.
Total: 2.939500 ms (FindLiveObjects: 0.380900 ms CreateObjectMapping: 0.156800 ms MarkObjects: 2.362700 ms  DeleteObjects: 0.037000 ms)

========================================================================
Received Prepare
Registering precompiled user dll's ...
Registered in 0.001928 seconds.
Begin MonoManager ReloadAssembly
Native extension for WindowsStandalone target not found
Refreshing native plugins compatible for Editor in 0.37 ms, found 0 plugins.
Preloading 0 native plugins for Editor in 0.00 ms.
Invoked RoslynAnalysisRunner static constructor.
RoslynAnalysisRunner will not be running.
RoslynAnalysisRunner has terminated.
Mono: successfully reloaded assembly
- Completed reload, in  1.093 seconds
Platform modules already initialized, skipping
Refreshing native plugins compatible for Editor in 0.39 ms, found 0 plugins.
Preloading 0 native plugins for Editor in 0.00 ms.
Unloading 2149 Unused Serialized files (Serialized files now loaded: 0)
System memory in use before: 93.6 MB.
System memory in use after: 93.7 MB.

Unloading 5 unused Assets to reduce memory usage. Loaded Objects now: 2679.
Total: 3.412500 ms (FindLiveObjects: 0.544500 ms CreateObjectMapping: 0.295800 ms MarkObjects: 2.516700 ms  DeleteObjects: 0.052900 ms)

========================================================================
Received Prepare
Registering precompiled user dll's ...
Registered in 0.001103 seconds.
Begin MonoManager ReloadAssembly
Native extension for WindowsStandalone target not found
Refreshing native plugins compatible for Editor in 0.35 ms, found 0 plugins.
Preloading 0 native plugins for Editor in 0.00 ms.
Invoked RoslynAnalysisRunner static constructor.
RoslynAnalysisRunner will not be running.
RoslynAnalysisRunner has terminated.
Mono: successfully reloaded assembly
- Completed reload, in  1.345 seconds
Platform modules already initialized, skipping
Refreshing native plugins compatible for Editor in 0.37 ms, found 0 plugins.
Preloading 0 native plugins for Editor in 0.00 ms.
Unloading 2149 Unused Serialized files (Serialized files now loaded: 0)
System memory in use before: 93.6 MB.
System memory in use after: 93.8 MB.

Unloading 5 unused Assets to reduce memory usage. Loaded Objects now: 2682.
Total: 2.472600 ms (FindLiveObjects: 0.353500 ms CreateObjectMapping: 0.197600 ms MarkObjects: 1.876000 ms  DeleteObjects: 0.044100 ms)

========================================================================
Received Prepare
Registering precompiled user dll's ...
Registered in 0.001637 seconds.
Begin MonoManager ReloadAssembly
Native extension for WindowsStandalone target not found
Refreshing native plugins compatible for Editor in 0.61 ms, found 0 plugins.
Preloading 0 native plugins for Editor in 0.00 ms.
Invoked RoslynAnalysisRunner static constructor.
RoslynAnalysisRunner will not be running.
RoslynAnalysisRunner has terminated.
Mono: successfully reloaded assembly
- Completed reload, in  1.028 seconds
Platform modules already initialized, skipping
Refreshing native plugins compatible for Editor in 0.43 ms, found 0 plugins.
Preloading 0 native plugins for Editor in 0.00 ms.
Unloading 2149 Unused Serialized files (Serialized files now loaded: 0)
System memory in use before: 93.6 MB.
System memory in use after: 93.7 MB.

Unloading 5 unused Assets to reduce memory usage. Loaded Objects now: 2685.
Total: 2.493700 ms (FindLiveObjects: 0.469800 ms CreateObjectMapping: 0.133100 ms MarkObjects: 1.870800 ms  DeleteObjects: 0.018000 ms)

========================================================================
Received Prepare
Registering precompiled user dll's ...
Registered in 0.001084 seconds.
Begin MonoManager ReloadAssembly
Native extension for WindowsStandalone target not found
Refreshing native plugins compatible for Editor in 0.35 ms, found 0 plugins.
Preloading 0 native plugins for Editor in 0.00 ms.
Invoked RoslynAnalysisRunner static constructor.
RoslynAnalysisRunner will not be running.
RoslynAnalysisRunner has terminated.
Mono: successfully reloaded assembly
- Completed reload, in  1.079 seconds
Platform modules already initialized, skipping
Refreshing native plugins compatible for Editor in 0.38 ms, found 0 plugins.
Preloading 0 native plugins for Editor in 0.00 ms.
Unloading 2149 Unused Serialized files (Serialized files now loaded: 0)
System memory in use before: 93.7 MB.
System memory in use after: 93.8 MB.

Unloading 5 unused Assets to reduce memory usage. Loaded Objects now: 2688.
Total: 2.589800 ms (FindLiveObjects: 0.661800 ms CreateObjectMapping: 0.175500 ms MarkObjects: 1.712000 ms  DeleteObjects: 0.038200 ms)

========================================================================
Received Prepare
Registering precompiled user dll's ...
Registered in 0.001329 seconds.
Begin MonoManager ReloadAssembly
Native extension for WindowsStandalone target not found
Refreshing native plugins compatible for Editor in 0.45 ms, found 0 plugins.
Preloading 0 native plugins for Editor in 0.00 ms.
Invoked RoslynAnalysisRunner static constructor.
RoslynAnalysisRunner will not be running.
RoslynAnalysisRunner has terminated.
Mono: successfully reloaded assembly
- Completed reload, in  1.399 seconds
Platform modules already initialized, skipping
Refreshing native plugins compatible for Editor in 0.88 ms, found 0 plugins.
Preloading 0 native plugins for Editor in 0.00 ms.
Unloading 2149 Unused Serialized files (Serialized files now loaded: 0)
System memory in use before: 93.7 MB.
System memory in use after: 93.8 MB.

Unloading 5 unused Assets to reduce memory usage. Loaded Objects now: 2691.
Total: 3.666900 ms (FindLiveObjects: 0.635500 ms CreateObjectMapping: 0.178500 ms MarkObjects: 2.808300 ms  DeleteObjects: 0.040000 ms)

========================================================================
Received Prepare
Registering precompiled user dll's ...
Registered in 0.001226 seconds.
Begin MonoManager ReloadAssembly
Native extension for WindowsStandalone target not found
Refreshing native plugins compatible for Editor in 0.36 ms, found 0 plugins.
Preloading 0 native plugins for Editor in 0.00 ms.
Invoked RoslynAnalysisRunner static constructor.
RoslynAnalysisRunner will not be running.
RoslynAnalysisRunner has terminated.
Mono: successfully reloaded assembly
- Completed reload, in  1.154 seconds
Platform modules already initialized, skipping
Refreshing native plugins compatible for Editor in 0.40 ms, found 0 plugins.
Preloading 0 native plugins for Editor in 0.00 ms.
Unloading 2149 Unused Serialized files (Serialized files now loaded: 0)
System memory in use before: 93.7 MB.
System memory in use after: 93.8 MB.

Unloading 5 unused Assets to reduce memory usage. Loaded Objects now: 2694.
Total: 2.557000 ms (FindLiveObjects: 0.580300 ms CreateObjectMapping: 0.122900 ms MarkObjects: 1.833600 ms  DeleteObjects: 0.018100 ms)

========================================================================
Received Prepare
Registering precompiled user dll's ...
Registered in 0.001558 seconds.
Begin MonoManager ReloadAssembly
Native extension for WindowsStandalone target not found
Refreshing native plugins compatible for Editor in 0.36 ms, found 0 plugins.
Preloading 0 native plugins for Editor in 0.00 ms.
Invoked RoslynAnalysisRunner static constructor.
RoslynAnalysisRunner will not be running.
RoslynAnalysisRunner has terminated.
Mono: successfully reloaded assembly
- Completed reload, in  1.112 seconds
Platform modules already initialized, skipping
Refreshing native plugins compatible for Editor in 0.44 ms, found 0 plugins.
Preloading 0 native plugins for Editor in 0.00 ms.
Unloading 2149 Unused Serialized files (Serialized files now loaded: 0)
System memory in use before: 93.7 MB.
System memory in use after: 93.8 MB.

Unloading 5 unused Assets to reduce memory usage. Loaded Objects now: 2697.
Total: 3.635000 ms (FindLiveObjects: 0.616000 ms CreateObjectMapping: 0.170600 ms MarkObjects: 2.792400 ms  DeleteObjects: 0.054000 ms)

========================================================================
Received Prepare
Registering precompiled user dll's ...
Registered in 0.001455 seconds.
Begin MonoManager ReloadAssembly
Native extension for WindowsStandalone target not found
Refreshing native plugins compatible for Editor in 0.37 ms, found 0 plugins.
Preloading 0 native plugins for Editor in 0.00 ms.
Invoked RoslynAnalysisRunner static constructor.
RoslynAnalysisRunner will not be running.
RoslynAnalysisRunner has terminated.
Mono: successfully reloaded assembly
- Completed reload, in  1.106 seconds
Platform modules already initialized, skipping
Refreshing native plugins compatible for Editor in 0.40 ms, found 0 plugins.
Preloading 0 native plugins for Editor in 0.00 ms.
Unloading 2149 Unused Serialized files (Serialized files now loaded: 0)
System memory in use before: 93.6 MB.
System memory in use after: 93.7 MB.

Unloading 5 unused Assets to reduce memory usage. Loaded Objects now: 2700.
Total: 2.728200 ms (FindLiveObjects: 0.318400 ms CreateObjectMapping: 0.158400 ms MarkObjects: 2.217100 ms  DeleteObjects: 0.032800 ms)

========================================================================
Received Prepare
Registering precompiled user dll's ...
Registered in 0.001646 seconds.
Begin MonoManager ReloadAssembly
Native extension for WindowsStandalone target not found
Refreshing native plugins compatible for Editor in 0.38 ms, found 0 plugins.
Preloading 0 native plugins for Editor in 0.00 ms.
Invoked RoslynAnalysisRunner static constructor.
RoslynAnalysisRunner will not be running.
RoslynAnalysisRunner has terminated.
Mono: successfully reloaded assembly
- Completed reload, in  1.021 seconds
Platform modules already initialized, skipping
Refreshing native plugins compatible for Editor in 0.41 ms, found 0 plugins.
Preloading 0 native plugins for Editor in 0.00 ms.
Unloading 2149 Unused Serialized files (Serialized files now loaded: 0)
System memory in use before: 93.7 MB.
System memory in use after: 93.8 MB.

Unloading 5 unused Assets to reduce memory usage. Loaded Objects now: 2703.
Total: 2.181700 ms (FindLiveObjects: 0.360000 ms CreateObjectMapping: 0.128700 ms MarkObjects: 1.675000 ms  DeleteObjects: 0.016900 ms)

========================================================================
Received Prepare
Registering precompiled user dll's ...
Registered in 0.014957 seconds.
Begin MonoManager ReloadAssembly
Native extension for WindowsStandalone target not found
Refreshing native plugins compatible for Editor in 0.77 ms, found 0 plugins.
Preloading 0 native plugins for Editor in 0.00 ms.
Invoked RoslynAnalysisRunner static constructor.
RoslynAnalysisRunner will not be running.
RoslynAnalysisRunner has terminated.
Mono: successfully reloaded assembly
- Completed reload, in  1.201 seconds
Platform modules already initialized, skipping
Refreshing native plugins compatible for Editor in 0.41 ms, found 0 plugins.
Preloading 0 native plugins for Editor in 0.00 ms.
Unloading 2149 Unused Serialized files (Serialized files now loaded: 0)
System memory in use before: 93.7 MB.
System memory in use after: 93.8 MB.

Unloading 5 unused Assets to reduce memory usage. Loaded Objects now: 2706.
Total: 2.344400 ms (FindLiveObjects: 0.402400 ms CreateObjectMapping: 0.190100 ms MarkObjects: 1.705500 ms  DeleteObjects: 0.044600 ms)

========================================================================
Received Prepare
Registering precompiled user dll's ...
Registered in 0.001208 seconds.
Begin MonoManager ReloadAssembly
Native extension for WindowsStandalone target not found
Refreshing native plugins compatible for Editor in 0.36 ms, found 0 plugins.
Preloading 0 native plugins for Editor in 0.00 ms.
Invoked RoslynAnalysisRunner static constructor.
RoslynAnalysisRunner will not be running.
RoslynAnalysisRunner has terminated.
Mono: successfully reloaded assembly
- Completed reload, in  0.934 seconds
Platform modules already initialized, skipping
Refreshing native plugins compatible for Editor in 0.41 ms, found 0 plugins.
Preloading 0 native plugins for Editor in 0.00 ms.
Unloading 2149 Unused Serialized files (Serialized files now loaded: 0)
System memory in use before: 93.7 MB.
System memory in use after: 93.8 MB.

Unloading 5 unused Assets to reduce memory usage. Loaded Objects now: 2709.
Total: 3.836900 ms (FindLiveObjects: 0.595300 ms CreateObjectMapping: 0.174800 ms MarkObjects: 3.009900 ms  DeleteObjects: 0.054000 ms)

========================================================================
Received Prepare
Registering precompiled user dll's ...
Registered in 0.001605 seconds.
Begin MonoManager ReloadAssembly
Native extension for WindowsStandalone target not found
Refreshing native plugins compatible for Editor in 0.48 ms, found 0 plugins.
Preloading 0 native plugins for Editor in 0.00 ms.
Invoked RoslynAnalysisRunner static constructor.
RoslynAnalysisRunner will not be running.
RoslynAnalysisRunner has terminated.
Mono: successfully reloaded assembly
- Completed reload, in  0.987 seconds
Platform modules already initialized, skipping
Refreshing native plugins compatible for Editor in 0.38 ms, found 0 plugins.
Preloading 0 native plugins for Editor in 0.00 ms.
Unloading 2149 Unused Serialized files (Serialized files now loaded: 0)
System memory in use before: 93.7 MB.
System memory in use after: 93.8 MB.

Unloading 5 unused Assets to reduce memory usage. Loaded Objects now: 2712.
Total: 3.565500 ms (FindLiveObjects: 0.420400 ms CreateObjectMapping: 0.147700 ms MarkObjects: 2.928000 ms  DeleteObjects: 0.068200 ms)

========================================================================
Received Prepare
Registering precompiled user dll's ...
Registered in 0.002204 seconds.
Begin MonoManager ReloadAssembly
Native extension for WindowsStandalone target not found
Refreshing native plugins compatible for Editor in 0.41 ms, found 0 plugins.
Preloading 0 native plugins for Editor in 0.00 ms.
Invoked RoslynAnalysisRunner static constructor.
RoslynAnalysisRunner will not be running.
RoslynAnalysisRunner has terminated.
Mono: successfully reloaded assembly
- Completed reload, in  1.192 seconds
Platform modules already initialized, skipping
Refreshing native plugins compatible for Editor in 0.40 ms, found 0 plugins.
Preloading 0 native plugins for Editor in 0.00 ms.
Unloading 2149 Unused Serialized files (Serialized files now loaded: 0)
System memory in use before: 93.7 MB.
System memory in use after: 93.8 MB.

Unloading 5 unused Assets to reduce memory usage. Loaded Objects now: 2715.
Total: 2.292900 ms (FindLiveObjects: 0.239500 ms CreateObjectMapping: 0.108000 ms MarkObjects: 1.922300 ms  DeleteObjects: 0.021200 ms)

========================================================================
Received Prepare
Registering precompiled user dll's ...
Registered in 0.001750 seconds.
Begin MonoManager ReloadAssembly
Native extension for WindowsStandalone target not found
Refreshing native plugins compatible for Editor in 0.45 ms, found 0 plugins.
Preloading 0 native plugins for Editor in 0.00 ms.
Invoked RoslynAnalysisRunner static constructor.
RoslynAnalysisRunner will not be running.
RoslynAnalysisRunner has terminated.
Mono: successfully reloaded assembly
- Completed reload, in  1.206 seconds
Platform modules already initialized, skipping
Refreshing native plugins compatible for Editor in 0.45 ms, found 0 plugins.
Preloading 0 native plugins for Editor in 0.00 ms.
Unloading 2149 Unused Serialized files (Serialized files now loaded: 0)
System memory in use before: 93.7 MB.
System memory in use after: 93.8 MB.

Unloading 5 unused Assets to reduce memory usage. Loaded Objects now: 2718.
Total: 2.388900 ms (FindLiveObjects: 0.278900 ms CreateObjectMapping: 0.110600 ms MarkObjects: 1.978600 ms  DeleteObjects: 0.019400 ms)

========================================================================
Received Prepare
Registering precompiled user dll's ...
Registered in 0.001295 seconds.
Begin MonoManager ReloadAssembly
Native extension for WindowsStandalone target not found
Refreshing native plugins compatible for Editor in 0.42 ms, found 0 plugins.
Preloading 0 native plugins for Editor in 0.00 ms.
Invoked RoslynAnalysisRunner static constructor.
RoslynAnalysisRunner will not be running.
RoslynAnalysisRunner has terminated.
Mono: successfully reloaded assembly
- Completed reload, in  1.205 seconds
Platform modules already initialized, skipping
Refreshing native plugins compatible for Editor in 0.42 ms, found 0 plugins.
Preloading 0 native plugins for Editor in 0.00 ms.
Unloading 2149 Unused Serialized files (Serialized files now loaded: 0)
System memory in use before: 93.7 MB.
System memory in use after: 93.8 MB.

Unloading 5 unused Assets to reduce memory usage. Loaded Objects now: 2721.
Total: 2.626900 ms (FindLiveObjects: 0.421700 ms CreateObjectMapping: 0.165000 ms MarkObjects: 2.014100 ms  DeleteObjects: 0.024200 ms)

========================================================================
Received Prepare
Registering precompiled user dll's ...
Registered in 0.001995 seconds.
Begin MonoManager ReloadAssembly
Native extension for WindowsStandalone target not found
Refreshing native plugins compatible for Editor in 0.45 ms, found 0 plugins.
Preloading 0 native plugins for Editor in 0.00 ms.
Invoked RoslynAnalysisRunner static constructor.
RoslynAnalysisRunner will not be running.
RoslynAnalysisRunner has terminated.
Mono: successfully reloaded assembly
- Completed reload, in  1.225 seconds
Platform modules already initialized, skipping
Refreshing native plugins compatible for Editor in 0.49 ms, found 0 plugins.
Preloading 0 native plugins for Editor in 0.00 ms.
Unloading 2149 Unused Serialized files (Serialized files now loaded: 0)
System memory in use before: 93.7 MB.
System memory in use after: 93.9 MB.

Unloading 5 unused Assets to reduce memory usage. Loaded Objects now: 2724.
Total: 3.101100 ms (FindLiveObjects: 0.386100 ms CreateObjectMapping: 0.187100 ms MarkObjects: 2.500400 ms  DeleteObjects: 0.025600 ms)

========================================================================
Received Import Request.
  Time since last request: 3437.436121 seconds.
  path: Assets/Scenes/RhythmGame.unity
  artifactKey: Guid(2cda990e2423bbf4892e6590ba056729) Importer(815301076,1909f56bfc062723c751e8b465ee728b)
Start importing Assets/Scenes/RhythmGame.unity using Guid(2cda990e2423bbf4892e6590ba056729) Importer(815301076,1909f56bfc062723c751e8b465ee728b)  -> (artifact id: '781f30c95252739694b5b1e40f4daded') in 0.021117 seconds
  Import took 0.025961 seconds .

========================================================================
Received Prepare
Registering precompiled user dll's ...
Registered in 0.001041 seconds.
Begin MonoManager ReloadAssembly
Native extension for WindowsStandalone target not found
Refreshing native plugins compatible for Editor in 0.38 ms, found 0 plugins.
Preloading 0 native plugins for Editor in 0.00 ms.
Invoked RoslynAnalysisRunner static constructor.
RoslynAnalysisRunner will not be running.
RoslynAnalysisRunner has terminated.
Mono: successfully reloaded assembly
- Completed reload, in  1.063 seconds
Platform modules already initialized, skipping
Refreshing native plugins compatible for Editor in 0.41 ms, found 0 plugins.
Preloading 0 native plugins for Editor in 0.00 ms.
Unloading 2149 Unused Serialized files (Serialized files now loaded: 0)
System memory in use before: 93.8 MB.
System memory in use after: 94.0 MB.

Unloading 5 unused Assets to reduce memory usage. Loaded Objects now: 2727.
Total: 2.281900 ms (FindLiveObjects: 0.247400 ms CreateObjectMapping: 0.116900 ms MarkObjects: 1.896500 ms  DeleteObjects: 0.020200 ms)

========================================================================
Received Prepare
Registering precompiled user dll's ...
Registered in 0.001194 seconds.
Begin MonoManager ReloadAssembly
Native extension for WindowsStandalone target not found
Refreshing native plugins compatible for Editor in 0.49 ms, found 0 plugins.
Preloading 0 native plugins for Editor in 0.00 ms.
Invoked RoslynAnalysisRunner static constructor.
RoslynAnalysisRunner will not be running.
RoslynAnalysisRunner has terminated.
Mono: successfully reloaded assembly
- Completed reload, in  1.087 seconds
Platform modules already initialized, skipping
Refreshing native plugins compatible for Editor in 0.58 ms, found 0 plugins.
Preloading 0 native plugins for Editor in 0.00 ms.
Unloading 2149 Unused Serialized files (Serialized files now loaded: 0)
System memory in use before: 93.9 MB.
System memory in use after: 94.1 MB.

Unloading 5 unused Assets to reduce memory usage. Loaded Objects now: 2730.
Total: 4.334600 ms (FindLiveObjects: 0.480800 ms CreateObjectMapping: 0.171500 ms MarkObjects: 3.635800 ms  DeleteObjects: 0.044400 ms)

========================================================================
Received Import Request.
  Time since last request: 400.426904 seconds.
  path: Assets/Scenes/LittleGame/littleG02.unity
  artifactKey: Guid(98c08403c6e01294f823e7a07f6d7b5b) Importer(815301076,1909f56bfc062723c751e8b465ee728b)
Start importing Assets/Scenes/LittleGame/littleG02.unity using Guid(98c08403c6e01294f823e7a07f6d7b5b) Importer(815301076,1909f56bfc062723c751e8b465ee728b)  -> (artifact id: '49990e459d02c939affe5bebf3c20917') in 0.022913 seconds
  Import took 0.028202 seconds .

========================================================================
Received Import Request.
  Time since last request: 74.659372 seconds.
  path: Assets/Scenes/Chapter1
  artifactKey: Guid(b1f48123894c0a84cae5a8c17f58aaf0) Importer(815301076,1909f56bfc062723c751e8b465ee728b)
Start importing Assets/Scenes/Chapter1 using Guid(b1f48123894c0a84cae5a8c17f58aaf0) Importer(815301076,1909f56bfc062723c751e8b465ee728b)  -> (artifact id: 'b56b69a097581f2760763565f356aafe') in 0.003964 seconds
  Import took 0.013267 seconds .

========================================================================
Received Import Request.
  Time since last request: 1.168919 seconds.
  path: Assets/Scenes/Chapter1/day2
  artifactKey: Guid(bdc6043d7ea775140a8b1b83d11d5f35) Importer(815301076,1909f56bfc062723c751e8b465ee728b)
Start importing Assets/Scenes/Chapter1/day2 using Guid(bdc6043d7ea775140a8b1b83d11d5f35) Importer(815301076,1909f56bfc062723c751e8b465ee728b)  -> (artifact id: '2308a347251f6e8b6a7ea7490a3eda49') in 0.003748 seconds
  Import took 0.008210 seconds .

========================================================================
Received Prepare
Registering precompiled user dll's ...
Registered in 0.001015 seconds.
Begin MonoManager ReloadAssembly
Native extension for WindowsStandalone target not found
Refreshing native plugins compatible for Editor in 0.46 ms, found 0 plugins.
Preloading 0 native plugins for Editor in 0.00 ms.
Invoked RoslynAnalysisRunner static constructor.
RoslynAnalysisRunner will not be running.
RoslynAnalysisRunner has terminated.
Mono: successfully reloaded assembly
- Completed reload, in  0.973 seconds
Platform modules already initialized, skipping
Refreshing native plugins compatible for Editor in 0.39 ms, found 0 plugins.
Preloading 0 native plugins for Editor in 0.00 ms.
Unloading 2149 Unused Serialized files (Serialized files now loaded: 0)
System memory in use before: 93.9 MB.
System memory in use after: 94.1 MB.

Unloading 5 unused Assets to reduce memory usage. Loaded Objects now: 2733.
Total: 2.845900 ms (FindLiveObjects: 0.607500 ms CreateObjectMapping: 0.140600 ms MarkObjects: 2.058700 ms  DeleteObjects: 0.037700 ms)

========================================================================
Received Prepare
Registering precompiled user dll's ...
Registered in 0.001454 seconds.
Begin MonoManager ReloadAssembly
Native extension for WindowsStandalone target not found
Refreshing native plugins compatible for Editor in 0.38 ms, found 0 plugins.
Preloading 0 native plugins for Editor in 0.00 ms.
Invoked RoslynAnalysisRunner static constructor.
RoslynAnalysisRunner will not be running.
RoslynAnalysisRunner has terminated.
Mono: successfully reloaded assembly
- Completed reload, in  1.108 seconds
Platform modules already initialized, skipping
Refreshing native plugins compatible for Editor in 0.38 ms, found 0 plugins.
Preloading 0 native plugins for Editor in 0.00 ms.
Unloading 2149 Unused Serialized files (Serialized files now loaded: 0)
System memory in use before: 93.9 MB.
System memory in use after: 94.1 MB.

Unloading 5 unused Assets to reduce memory usage. Loaded Objects now: 2736.
Total: 2.760700 ms (FindLiveObjects: 0.517100 ms CreateObjectMapping: 0.284800 ms MarkObjects: 1.909600 ms  DeleteObjects: 0.047400 ms)

========================================================================
Received Prepare
Registering precompiled user dll's ...
Registered in 0.001256 seconds.
Begin MonoManager ReloadAssembly
Native extension for WindowsStandalone target not found
Refreshing native plugins compatible for Editor in 0.36 ms, found 0 plugins.
Preloading 0 native plugins for Editor in 0.00 ms.
Invoked RoslynAnalysisRunner static constructor.
RoslynAnalysisRunner will not be running.
RoslynAnalysisRunner has terminated.
Mono: successfully reloaded assembly
- Completed reload, in  1.015 seconds
Platform modules already initialized, skipping
Refreshing native plugins compatible for Editor in 0.38 ms, found 0 plugins.
Preloading 0 native plugins for Editor in 0.00 ms.
Unloading 2149 Unused Serialized files (Serialized files now loaded: 0)
System memory in use before: 93.8 MB.
System memory in use after: 94.0 MB.

Unloading 5 unused Assets to reduce memory usage. Loaded Objects now: 2739.
Total: 6.864200 ms (FindLiveObjects: 3.067000 ms CreateObjectMapping: 0.412300 ms MarkObjects: 3.339100 ms  DeleteObjects: 0.039300 ms)

========================================================================
Received Prepare
Registering precompiled user dll's ...
Registered in 0.001233 seconds.
Begin MonoManager ReloadAssembly
Native extension for WindowsStandalone target not found
Refreshing native plugins compatible for Editor in 0.87 ms, found 0 plugins.
Preloading 0 native plugins for Editor in 0.00 ms.
Invoked RoslynAnalysisRunner static constructor.
RoslynAnalysisRunner will not be running.
RoslynAnalysisRunner has terminated.
Mono: successfully reloaded assembly
- Completed reload, in  1.699 seconds
Platform modules already initialized, skipping
Refreshing native plugins compatible for Editor in 0.85 ms, found 0 plugins.
Preloading 0 native plugins for Editor in 0.00 ms.
Unloading 2149 Unused Serialized files (Serialized files now loaded: 0)
System memory in use before: 93.9 MB.
System memory in use after: 94.1 MB.

Unloading 5 unused Assets to reduce memory usage. Loaded Objects now: 2742.
Total: 4.244200 ms (FindLiveObjects: 0.782400 ms CreateObjectMapping: 0.567300 ms MarkObjects: 2.863700 ms  DeleteObjects: 0.028600 ms)

========================================================================
Received Prepare
Registering precompiled user dll's ...
Registered in 0.001790 seconds.
Begin MonoManager ReloadAssembly
Native extension for WindowsStandalone target not found
Refreshing native plugins compatible for Editor in 0.35 ms, found 0 plugins.
Preloading 0 native plugins for Editor in 0.00 ms.
Invoked RoslynAnalysisRunner static constructor.
RoslynAnalysisRunner will not be running.
RoslynAnalysisRunner has terminated.
Mono: successfully reloaded assembly
- Completed reload, in  1.033 seconds
Platform modules already initialized, skipping
Refreshing native plugins compatible for Editor in 0.41 ms, found 0 plugins.
Preloading 0 native plugins for Editor in 0.00 ms.
Unloading 2149 Unused Serialized files (Serialized files now loaded: 0)
System memory in use before: 93.9 MB.
System memory in use after: 94.1 MB.

Unloading 5 unused Assets to reduce memory usage. Loaded Objects now: 2745.
Total: 2.668600 ms (FindLiveObjects: 0.314800 ms CreateObjectMapping: 0.147200 ms MarkObjects: 2.154900 ms  DeleteObjects: 0.050000 ms)

========================================================================
Received Import Request.
  Time since last request: 1199.913128 seconds.
  path: Assets/Audio//NO.2 game.mp3
  artifactKey: Guid(45addfb1081ea0d49962f4a1e284946d) Importer(815301076,1909f56bfc062723c751e8b465ee728b)
Start importing Assets/Audio//NO.2 game.mp3 using Guid(45addfb1081ea0d49962f4a1e284946d) Importer(815301076,1909f56bfc062723c751e8b465ee728b)  -> (artifact id: '6e340293e23519e7c533d21dac1d987f') in 0.408936 seconds
  Import took 0.415657 seconds .

========================================================================
Received Prepare
Registering precompiled user dll's ...
Registered in 0.001180 seconds.
Begin MonoManager ReloadAssembly
Native extension for WindowsStandalone target not found
Refreshing native plugins compatible for Editor in 0.36 ms, found 0 plugins.
Preloading 0 native plugins for Editor in 0.00 ms.
Invoked RoslynAnalysisRunner static constructor.
RoslynAnalysisRunner will not be running.
RoslynAnalysisRunner has terminated.
Mono: successfully reloaded assembly
- Completed reload, in  1.066 seconds
Platform modules already initialized, skipping
Refreshing native plugins compatible for Editor in 0.39 ms, found 0 plugins.
Preloading 0 native plugins for Editor in 0.00 ms.
Unloading 2149 Unused Serialized files (Serialized files now loaded: 0)
System memory in use before: 93.9 MB.
System memory in use after: 94.1 MB.

Unloading 5 unused Assets to reduce memory usage. Loaded Objects now: 2749.
Total: 2.574700 ms (FindLiveObjects: 0.431300 ms CreateObjectMapping: 0.189800 ms MarkObjects: 1.904000 ms  DeleteObjects: 0.047800 ms)

========================================================================
Received Prepare
Registering precompiled user dll's ...
Registered in 0.001155 seconds.
Begin MonoManager ReloadAssembly
Native extension for WindowsStandalone target not found
Refreshing native plugins compatible for Editor in 0.37 ms, found 0 plugins.
Preloading 0 native plugins for Editor in 0.00 ms.
Invoked RoslynAnalysisRunner static constructor.
RoslynAnalysisRunner will not be running.
RoslynAnalysisRunner has terminated.
Mono: successfully reloaded assembly
- Completed reload, in  1.046 seconds
Platform modules already initialized, skipping
Refreshing native plugins compatible for Editor in 0.37 ms, found 0 plugins.
Preloading 0 native plugins for Editor in 0.00 ms.
Unloading 2149 Unused Serialized files (Serialized files now loaded: 0)
System memory in use before: 93.9 MB.
System memory in use after: 94.1 MB.

Unloading 5 unused Assets to reduce memory usage. Loaded Objects now: 2752.
Total: 3.116400 ms (FindLiveObjects: 0.418500 ms CreateObjectMapping: 0.145700 ms MarkObjects: 2.512700 ms  DeleteObjects: 0.019600 ms)

========================================================================
Received Import Request.
  Time since last request: 325.850319 seconds.
  path: Assets/Scenes/LittleGame/littleG05.unity
  artifactKey: Guid(1061f51d424a27348846daa64fc5f229) Importer(815301076,1909f56bfc062723c751e8b465ee728b)
Start importing Assets/Scenes/LittleGame/littleG05.unity using Guid(1061f51d424a27348846daa64fc5f229) Importer(815301076,1909f56bfc062723c751e8b465ee728b)  -> (artifact id: '51dd2ebff850b1d848be8ada357edd54') in 0.017933 seconds
  Import took 0.024125 seconds .

========================================================================
Received Import Request.
  Time since last request: 14.092624 seconds.
  path: Assets/Scenes/Chapter1/day1
  artifactKey: Guid(a60e3f76213ea2941ba9b09348c9360b) Importer(815301076,1909f56bfc062723c751e8b465ee728b)
Start importing Assets/Scenes/Chapter1/day1 using Guid(a60e3f76213ea2941ba9b09348c9360b) Importer(815301076,1909f56bfc062723c751e8b465ee728b)  -> (artifact id: '2e3ace15dbbbd7f87523a0e99092eebf') in 0.005892 seconds
  Import took 0.013840 seconds .

========================================================================
Received Import Request.
  Time since last request: 4.066524 seconds.
  path: Assets/Scenes/Chapter1/day2/beforeLG02.unity
  artifactKey: Guid(c35bdac58eaf06d429ba8fd61d595eab) Importer(815301076,1909f56bfc062723c751e8b465ee728b)
Start importing Assets/Scenes/Chapter1/day2/beforeLG02.unity using Guid(c35bdac58eaf06d429ba8fd61d595eab) Importer(815301076,1909f56bfc062723c751e8b465ee728b)  -> (artifact id: '9905d5c28b90c22d944dfc6974c6c8c8') in 0.005574 seconds
  Import took 0.014037 seconds .

========================================================================
Received Import Request.
  Time since last request: 46.553261 seconds.
  path: Assets/Scenes/Chapter2/CH02beforeLG05.unity
  artifactKey: Guid(fe779bb2500388a41b1d07f707fe1bbe) Importer(815301076,1909f56bfc062723c751e8b465ee728b)
Start importing Assets/Scenes/Chapter2/CH02beforeLG05.unity using Guid(fe779bb2500388a41b1d07f707fe1bbe) Importer(815301076,1909f56bfc062723c751e8b465ee728b)  -> (artifact id: 'da263ae5c37faa70207eb9400e05ec39') in 0.006935 seconds
  Import took 0.014332 seconds .

========================================================================
Received Import Request.
  Time since last request: 67.914087 seconds.
  path: Assets/Scenes/Chapter2/CH02afterLG04.unity
  artifactKey: Guid(92fca48f45a36a24a9daf6b952779fe7) Importer(815301076,1909f56bfc062723c751e8b465ee728b)
Start importing Assets/Scenes/Chapter2/CH02afterLG04.unity using Guid(92fca48f45a36a24a9daf6b952779fe7) Importer(815301076,1909f56bfc062723c751e8b465ee728b)  -> (artifact id: '98d8c7b8b30236ea8ef90cbec2e30318') in 0.004429 seconds
  Import took 0.013100 seconds .

========================================================================
Received Import Request.
  Time since last request: 1.717671 seconds.
  path: Assets/Scenes/Chapter2/CH02beforeLG04.unity
  artifactKey: Guid(656b0337de0e0ff45815cf81f1a4c52d) Importer(815301076,1909f56bfc062723c751e8b465ee728b)
Start importing Assets/Scenes/Chapter2/CH02beforeLG04.unity using Guid(656b0337de0e0ff45815cf81f1a4c52d) Importer(815301076,1909f56bfc062723c751e8b465ee728b)  -> (artifact id: '049c89ed30e0277b59c0a2ac25307ca9') in 0.005303 seconds
  Import took 0.011573 seconds .

========================================================================
Received Prepare
Registering precompiled user dll's ...
Registered in 0.001176 seconds.
Begin MonoManager ReloadAssembly
Native extension for WindowsStandalone target not found
Refreshing native plugins compatible for Editor in 0.70 ms, found 0 plugins.
Preloading 0 native plugins for Editor in 0.00 ms.
Invoked RoslynAnalysisRunner static constructor.
RoslynAnalysisRunner will not be running.
RoslynAnalysisRunner has terminated.
Mono: successfully reloaded assembly
- Completed reload, in  1.375 seconds
Platform modules already initialized, skipping
Refreshing native plugins compatible for Editor in 0.42 ms, found 0 plugins.
Preloading 0 native plugins for Editor in 0.00 ms.
Unloading 2149 Unused Serialized files (Serialized files now loaded: 0)
System memory in use before: 93.9 MB.
System memory in use after: 94.1 MB.

Unloading 5 unused Assets to reduce memory usage. Loaded Objects now: 2755.
Total: 2.750500 ms (FindLiveObjects: 0.477700 ms CreateObjectMapping: 0.168200 ms MarkObjects: 2.077000 ms  DeleteObjects: 0.025900 ms)

========================================================================
Received Import Request.
  Time since last request: 61.077005 seconds.
  path: Assets/Scenes/LittleGame/littleG04_1.unity
  artifactKey: Guid(837e967cec656b74da60c9e3f8c46404) Importer(815301076,1909f56bfc062723c751e8b465ee728b)
Start importing Assets/Scenes/LittleGame/littleG04_1.unity using Guid(837e967cec656b74da60c9e3f8c46404) Importer(815301076,1909f56bfc062723c751e8b465ee728b)  -> (artifact id: '593650fafef09d7eed03e5ebf55a2031') in 0.016852 seconds
  Import took 0.023268 seconds .

========================================================================
Received Import Request.
  Time since last request: 6.751698 seconds.
  path: Assets/Scenes/LittleGame/littleG04_2.unity
  artifactKey: Guid(6cf28d5a98cd8ad4e89669905098f739) Importer(815301076,1909f56bfc062723c751e8b465ee728b)
Start importing Assets/Scenes/LittleGame/littleG04_2.unity using Guid(6cf28d5a98cd8ad4e89669905098f739) Importer(815301076,1909f56bfc062723c751e8b465ee728b)  -> (artifact id: 'fa2c1ece93c5f3f48587a6666c3376b7') in 0.004548 seconds
  Import took 0.013145 seconds .

========================================================================
Received Import Request.
  Time since last request: 0.002585 seconds.
  path: Assets/Scenes/LittleGame/littleG04_2.unity
  artifactKey: Guid(6cf28d5a98cd8ad4e89669905098f739) Importer(815301076,1909f56bfc062723c751e8b465ee728b)
Start importing Assets/Scenes/LittleGame/littleG04_2.unity using Guid(6cf28d5a98cd8ad4e89669905098f739) Importer(815301076,1909f56bfc062723c751e8b465ee728b)  -> (artifact id: 'fa2c1ece93c5f3f48587a6666c3376b7') in 0.004825 seconds
  Import took 0.015374 seconds .

========================================================================
Received Import Request.
  Time since last request: 16.369523 seconds.
  path: Assets/Scenes/Chapter2/CH02beforeLG04.unity
  artifactKey: Guid(656b0337de0e0ff45815cf81f1a4c52d) Importer(815301076,1909f56bfc062723c751e8b465ee728b)
Start importing Assets/Scenes/Chapter2/CH02beforeLG04.unity using Guid(656b0337de0e0ff45815cf81f1a4c52d) Importer(815301076,1909f56bfc062723c751e8b465ee728b)  -> (artifact id: '739fc305e709ce4fa104b981fc523da9') in 0.004427 seconds
  Import took 0.013350 seconds .

AssetImportWorkerClient::OnTransportError - code=2 error=End of file
