Using pre-set license
Built from '2020.3/staging' branch; Version is '2020.3.0f1 (c7b5465681fb) revision 13088070'; Using compiler version '192528614'; Build Type 'Release'
OS: 'Windows 10 Home; OS build 19041.928; Version 2004; 64bit' Language: 'zh' Physical Memory: 8076 MB
BatchMode: 1, IsHumanControllingUs: 0, StartBugReporterOnCrash: 0, Is64bit: 1, IsPro: 0

 COMMAND LINE ARGUMENTS:
D:\unity\2020.3.0f1\Editor\Unity.exe
-adb2
-batchMode
-noUpm
-name
AssetImportWorker3
-projectPath
D:/UnityProject/Finalwork_2D_Memory/Finalwork_2D_Memory
-logFile
Logs/AssetImportWorker3.log
-srvPort
5276
Successfully changed project path to: D:/UnityProject/Finalwork_2D_Memory/Finalwork_2D_Memory
D:/UnityProject/Finalwork_2D_Memory/Finalwork_2D_Memory
Using Asset Import Pipeline V2.
Refreshing native plugins compatible for Editor in 51.42 ms, found 0 plugins.
Preloading 0 native plugins for Editor in 0.00 ms.
Initialize engine version: 2020.3.0f1 (c7b5465681fb)
[Subsystems] Discovering subsystems at path D:/unity/2020.3.0f1/Editor/Data/Resources/UnitySubsystems
[Subsystems] Discovering subsystems at path D:/UnityProject/Finalwork_2D_Memory/Finalwork_2D_Memory/Assets
GfxDevice: creating device client; threaded=0
Direct3D:
    Version:  Direct3D 11.0 [level 11.1]
    Renderer: NVIDIA GeForce GTX 1050 Ti (ID=0x1c8c)
    Vendor:   
    VRAM:     4021 MB
    Driver:   27.21.14.6627
Initialize mono
Mono path[0] = 'D:/unity/2020.3.0f1/Editor/Data/Managed'
Mono path[1] = 'D:/unity/2020.3.0f1/Editor/Data/MonoBleedingEdge/lib/mono/unityjit'
Mono config path = 'D:/unity/2020.3.0f1/Editor/Data/MonoBleedingEdge/etc'
Using monoOptions --debugger-agent=transport=dt_socket,embedding=1,server=y,suspend=n,address=127.0.0.1:56748
Begin MonoManager ReloadAssembly
Registering precompiled unity dll's ...
Register platform support module: D:/unity/2020.3.0f1/Editor/Data/PlaybackEngines/WindowsStandaloneSupport/UnityEditor.WindowsStandalone.Extensions.dll
Registered in 0.003791 seconds.
Native extension for WindowsStandalone target not found
Refreshing native plugins compatible for Editor in 51.31 ms, found 0 plugins.
Preloading 0 native plugins for Editor in 0.00 ms.
Invoked RoslynAnalysisRunner static constructor.
RoslynAnalysisRunner will not be running.
RoslynAnalysisRunner has terminated.
Mono: successfully reloaded assembly
- Completed reload, in  2.697 seconds
Platform modules already initialized, skipping
Registering precompiled user dll's ...
Registered in 0.001167 seconds.
Begin MonoManager ReloadAssembly
Native extension for WindowsStandalone target not found
Refreshing native plugins compatible for Editor in 48.90 ms, found 0 plugins.
Preloading 0 native plugins for Editor in 0.00 ms.
Invoked RoslynAnalysisRunner static constructor.
RoslynAnalysisRunner will not be running.
RoslynAnalysisRunner has terminated.
Mono: successfully reloaded assembly
- Completed reload, in  1.227 seconds
Platform modules already initialized, skipping
========================================================================
Worker process is ready to serve import requests
Launched and connected shader compiler UnityShaderCompiler.exe after 0.23 seconds
Refreshing native plugins compatible for Editor in 0.74 ms, found 0 plugins.
Preloading 0 native plugins for Editor in 0.00 ms.
Unloading 2157 Unused Serialized files (Serialized files now loaded: 0)
System memory in use before: 91.2 MB.
System memory in use after: 91.3 MB.

Unloading 14 unused Assets to reduce memory usage. Loaded Objects now: 2606.
Total: 2.552200 ms (FindLiveObjects: 0.482100 ms CreateObjectMapping: 0.209600 ms MarkObjects: 1.776900 ms  DeleteObjects: 0.082300 ms)

========================================================================
Received Import Request.
  path: Assets/Scenes/LittleGame/littleG04_1Settings.lighting
  artifactKey: Guid(d7ec0d40164fe0d4d9aae6b10cea1e88) Importer(815301076,1909f56bfc062723c751e8b465ee728b)
Start importing Assets/Scenes/LittleGame/littleG04_1Settings.lighting using Guid(d7ec0d40164fe0d4d9aae6b10cea1e88) Importer(815301076,1909f56bfc062723c751e8b465ee728b)  -> (artifact id: 'd5b9f501c8129bd37f81b475d341ad3e') in 0.087680 seconds
  Import took 0.091860 seconds .

========================================================================
Received Import Request.
  Time since last request: 5.301162 seconds.
  path: Assets/Scenes/LittleGame/littleG04_2.unity
  artifactKey: Guid(6cf28d5a98cd8ad4e89669905098f739) Importer(815301076,1909f56bfc062723c751e8b465ee728b)
Start importing Assets/Scenes/LittleGame/littleG04_2.unity using Guid(6cf28d5a98cd8ad4e89669905098f739) Importer(815301076,1909f56bfc062723c751e8b465ee728b)  -> (artifact id: 'd6934e7fa4c53831ebec59a7df293637') in 0.004299 seconds
  Import took 0.009824 seconds .

========================================================================
Received Import Request.
  Time since last request: 2.183169 seconds.
  path: Assets/Animation/0.png
  artifactKey: Guid(f4266fbbf0adf914bbc55fd344042e57) Importer(815301076,1909f56bfc062723c751e8b465ee728b)
Start importing Assets/Animation/0.png using Guid(f4266fbbf0adf914bbc55fd344042e57) Importer(815301076,1909f56bfc062723c751e8b465ee728b)  -> (artifact id: 'b9705386e05899a7d395cf3cb1434eae') in 0.297113 seconds
  Import took 0.302061 seconds .

========================================================================
Received Import Request.
  Time since last request: 0.000367 seconds.
  path: Assets/image/game03/03.jpg
  artifactKey: Guid(2725b905d5154764a83848c9d834e2c8) Importer(815301076,1909f56bfc062723c751e8b465ee728b)
Start importing Assets/image/game03/03.jpg using Guid(2725b905d5154764a83848c9d834e2c8) Importer(815301076,1909f56bfc062723c751e8b465ee728b)  -> (artifact id: '8f5e10f27293ebe73af214028415ea08') in 0.074096 seconds
  Import took 0.077920 seconds .

========================================================================
Received Import Request.
  Time since last request: 0.000345 seconds.
  path: Assets/Animation/4.png
  artifactKey: Guid(303ab7b9a4cc5444e9bc6fa2c1f03df6) Importer(815301076,1909f56bfc062723c751e8b465ee728b)
Start importing Assets/Animation/4.png using Guid(303ab7b9a4cc5444e9bc6fa2c1f03df6) Importer(815301076,1909f56bfc062723c751e8b465ee728b)  -> (artifact id: '35595bbfa3315360c7c2e9ab9de690b4') in 0.018685 seconds
  Import took 0.023164 seconds .

========================================================================
Received Import Request.
  Time since last request: 0.000431 seconds.
  path: Assets/Animation/1.png
  artifactKey: Guid(0fa5a3435c87c5a498b01572f1bdf09f) Importer(815301076,1909f56bfc062723c751e8b465ee728b)
Start importing Assets/Animation/1.png using Guid(0fa5a3435c87c5a498b01572f1bdf09f) Importer(815301076,1909f56bfc062723c751e8b465ee728b)  -> (artifact id: '4eb310a17412167b3d2f432f04dbc305') in 0.019763 seconds
  Import took 0.024727 seconds .

========================================================================
Received Import Request.
  Time since last request: 0.000428 seconds.
  path: Assets/image/game04/4-1-0.png
  artifactKey: Guid(f851406ef34ec7e4585dfb9a34010790) Importer(815301076,1909f56bfc062723c751e8b465ee728b)
Start importing Assets/image/game04/4-1-0.png using Guid(f851406ef34ec7e4585dfb9a34010790) Importer(815301076,1909f56bfc062723c751e8b465ee728b)  -> (artifact id: 'aa27aa5a463ec71afb137d0bb6fc0595') in 0.016220 seconds
  Import took 0.021935 seconds .

========================================================================
Received Import Request.
  Time since last request: 0.000405 seconds.
  path: Assets/03.jpg
  artifactKey: Guid(5079566af852bde40b0e227b8ae19aa4) Importer(815301076,1909f56bfc062723c751e8b465ee728b)
Start importing Assets/03.jpg using Guid(5079566af852bde40b0e227b8ae19aa4) Importer(815301076,1909f56bfc062723c751e8b465ee728b)  -> (artifact id: '782c8eab5987626ab531bcc36cbe949b') in 0.102484 seconds
  Import took 0.106434 seconds .

========================================================================
Received Import Request.
  Time since last request: 0.000479 seconds.
  path: Assets/image/backgroung/3樓.jpg
  artifactKey: Guid(4d80599585e2a954da772fe92af2b79b) Importer(815301076,1909f56bfc062723c751e8b465ee728b)
Start importing Assets/image/backgroung/3樓.jpg using Guid(4d80599585e2a954da772fe92af2b79b) Importer(815301076,1909f56bfc062723c751e8b465ee728b)  -> (artifact id: '899fe9e986ae929cc40e50a3b676ab25') in 0.031577 seconds
  Import took 0.035326 seconds .

========================================================================
Received Import Request.
  Time since last request: 0.000396 seconds.
  path: Assets/Animation/2.png
  artifactKey: Guid(2725ff465afc48841a4e6544b138ee2b) Importer(815301076,1909f56bfc062723c751e8b465ee728b)
Start importing Assets/Animation/2.png using Guid(2725ff465afc48841a4e6544b138ee2b) Importer(815301076,1909f56bfc062723c751e8b465ee728b)  -> (artifact id: '74a5b3f34ac89559bd36e57ee9c302f7') in 0.091670 seconds
  Import took 0.096270 seconds .

========================================================================
Received Import Request.
  Time since last request: 0.000343 seconds.
  path: Assets/Animation/3.png
  artifactKey: Guid(9c3462cd5d9026f45a6488ad08fe7c63) Importer(815301076,1909f56bfc062723c751e8b465ee728b)
Start importing Assets/Animation/3.png using Guid(9c3462cd5d9026f45a6488ad08fe7c63) Importer(815301076,1909f56bfc062723c751e8b465ee728b)  -> (artifact id: '95db852d8657d9ad04134996a42a7938') in 0.015484 seconds
  Import took 0.019934 seconds .

========================================================================
Received Import Request.
  Time since last request: 0.000402 seconds.
  path: Assets/image/game01/01.jpg
  artifactKey: Guid(284ec6bf1d9777d419c36ec9f3da64ad) Importer(815301076,1909f56bfc062723c751e8b465ee728b)
Start importing Assets/image/game01/01.jpg using Guid(284ec6bf1d9777d419c36ec9f3da64ad) Importer(815301076,1909f56bfc062723c751e8b465ee728b)  -> (artifact id: 'f057e6f2cf5024e549a31284971bf27f') in 0.075074 seconds
  Import took 0.080358 seconds .

========================================================================
Received Import Request.
  Time since last request: 0.000374 seconds.
  path: Assets/image/game04/4-1-1.png
  artifactKey: Guid(e7dbce047cd29ba418e5438fe36c1306) Importer(815301076,1909f56bfc062723c751e8b465ee728b)
Start importing Assets/image/game04/4-1-1.png using Guid(e7dbce047cd29ba418e5438fe36c1306) Importer(815301076,1909f56bfc062723c751e8b465ee728b)  -> (artifact id: '3a9824ee016822441845109c972e5a39') in 0.016946 seconds
  Import took 0.021587 seconds .

========================================================================
Received Import Request.
  Time since last request: 0.000397 seconds.
  path: Assets/image/game01/01.png
  artifactKey: Guid(38793b88e4085a143bddbccc7b4baada) Importer(815301076,1909f56bfc062723c751e8b465ee728b)
Start importing Assets/image/game01/01.png using Guid(38793b88e4085a143bddbccc7b4baada) Importer(815301076,1909f56bfc062723c751e8b465ee728b)  -> (artifact id: 'fedafe44d4c5c24ef5fcc3a4b386d3d8') in 0.059068 seconds
  Import took 0.064844 seconds .

========================================================================
Received Import Request.
  Time since last request: 0.000406 seconds.
  path: Assets/image/character/0.png
  artifactKey: Guid(532f8c671080d494c968352882cbaf73) Importer(815301076,1909f56bfc062723c751e8b465ee728b)
Start importing Assets/image/character/0.png using Guid(532f8c671080d494c968352882cbaf73) Importer(815301076,1909f56bfc062723c751e8b465ee728b)  -> (artifact id: '6a6b7f6b149396f3699e6edbb931fef5') in 0.080806 seconds
  Import took 0.085486 seconds .

========================================================================
Received Import Request.
  Time since last request: 0.000393 seconds.
  path: Assets/image/game04/4-1-3.png
  artifactKey: Guid(6ff965376425c404d95516d851810691) Importer(815301076,1909f56bfc062723c751e8b465ee728b)
Start importing Assets/image/game04/4-1-3.png using Guid(6ff965376425c404d95516d851810691) Importer(815301076,1909f56bfc062723c751e8b465ee728b)  -> (artifact id: '78053b1b6ec88e3cf6f3dd25a1977702') in 0.018215 seconds
  Import took 0.022679 seconds .

========================================================================
Received Import Request.
  Time since last request: 0.001114 seconds.
  path: Assets/image/game04/4-1-2.png
  artifactKey: Guid(cfe16150395fe7049bf55076aebdd051) Importer(815301076,1909f56bfc062723c751e8b465ee728b)
Start importing Assets/image/game04/4-1-2.png using Guid(cfe16150395fe7049bf55076aebdd051) Importer(815301076,1909f56bfc062723c751e8b465ee728b)  -> (artifact id: '0d8ceb030e778c990471dee2f14d3f38') in 0.017972 seconds
  Import took 0.024904 seconds .

========================================================================
Received Import Request.
  Time since last request: 0.000415 seconds.
  path: Assets/image/game04/4-2-1.png
  artifactKey: Guid(b75fde1892ff6764db07d6c1e54f9ce9) Importer(815301076,1909f56bfc062723c751e8b465ee728b)
Start importing Assets/image/game04/4-2-1.png using Guid(b75fde1892ff6764db07d6c1e54f9ce9) Importer(815301076,1909f56bfc062723c751e8b465ee728b)  -> (artifact id: 'a8f17acd02ce39c79e84bcad49f3cbd7') in 0.057675 seconds
  Import took 0.062330 seconds .

========================================================================
Received Import Request.
  Time since last request: 0.000385 seconds.
  path: Assets/image/game04/4-2-0.png
  artifactKey: Guid(00261af0991b07741bb43f6b90f25ba8) Importer(815301076,1909f56bfc062723c751e8b465ee728b)
Start importing Assets/image/game04/4-2-0.png using Guid(00261af0991b07741bb43f6b90f25ba8) Importer(815301076,1909f56bfc062723c751e8b465ee728b)  -> (artifact id: '37294348451a763e3523ba12cd31194f') in 0.019950 seconds
  Import took 0.024727 seconds .

========================================================================
Received Import Request.
  Time since last request: 0.000363 seconds.
  path: Assets/image/backgroung/2樓.jpg
  artifactKey: Guid(eefe10b54272c1c478a7029eb485ba7e) Importer(815301076,1909f56bfc062723c751e8b465ee728b)
Start importing Assets/image/backgroung/2樓.jpg using Guid(eefe10b54272c1c478a7029eb485ba7e) Importer(815301076,1909f56bfc062723c751e8b465ee728b)  -> (artifact id: '6121b206a08feb3890130ab3df2fa7c4') in 0.024225 seconds
  Import took 0.031312 seconds .

========================================================================
Received Import Request.
  Time since last request: 0.000327 seconds.
  path: Assets/image/game02/02.jpg
  artifactKey: Guid(ac05165701095c049992c75b55cefee8) Importer(815301076,1909f56bfc062723c751e8b465ee728b)
Start importing Assets/image/game02/02.jpg using Guid(ac05165701095c049992c75b55cefee8) Importer(815301076,1909f56bfc062723c751e8b465ee728b)  -> (artifact id: '5694b692cb2f501f0c63ec648b5c9e2a') in 0.022318 seconds
  Import took 0.026475 seconds .

========================================================================
Received Import Request.
  Time since last request: 0.000356 seconds.
  path: Assets/Rhythm Game Tutorial/Graphics/02.jpg
  artifactKey: Guid(3559ee95641f4584d90ffc97950d66e2) Importer(815301076,1909f56bfc062723c751e8b465ee728b)
Start importing Assets/Rhythm Game Tutorial/Graphics/02.jpg using Guid(3559ee95641f4584d90ffc97950d66e2) Importer(815301076,1909f56bfc062723c751e8b465ee728b)  -> (artifact id: 'f67f95fed9853d4c70847d1f8420c844') in 0.066839 seconds
  Import took 0.071196 seconds .

========================================================================
Received Import Request.
  Time since last request: 0.060562 seconds.
  path: Assets/image/game04/4-2-2.png
  artifactKey: Guid(c970b5836c2eceb45853253beb2e3dd6) Importer(815301076,1909f56bfc062723c751e8b465ee728b)
Start importing Assets/image/game04/4-2-2.png using Guid(c970b5836c2eceb45853253beb2e3dd6) Importer(815301076,1909f56bfc062723c751e8b465ee728b)  -> (artifact id: '58fbc07f29817021af9808c12837a959') in 0.012735 seconds
  Import took 0.016782 seconds .

========================================================================
Received Import Request.
  Time since last request: 0.000447 seconds.
  path: Assets/image/game04/4-2-5.png
  artifactKey: Guid(56b57853c0511cd478178a49b898c27b) Importer(815301076,1909f56bfc062723c751e8b465ee728b)
Start importing Assets/image/game04/4-2-5.png using Guid(56b57853c0511cd478178a49b898c27b) Importer(815301076,1909f56bfc062723c751e8b465ee728b)  -> (artifact id: '6f2f64db2e4a0467f4d95e8c43bc4c6e') in 0.052373 seconds
  Import took 0.056275 seconds .

========================================================================
Received Import Request.
  Time since last request: 0.000429 seconds.
  path: Assets/image/game04/4-2-3.png
  artifactKey: Guid(79510968a261510408dfd89dfde8ce0e) Importer(815301076,1909f56bfc062723c751e8b465ee728b)
Start importing Assets/image/game04/4-2-3.png using Guid(79510968a261510408dfd89dfde8ce0e) Importer(815301076,1909f56bfc062723c751e8b465ee728b)  -> (artifact id: '3c5b6827e4bb46142b53ed6a88340da8') in 0.014173 seconds
  Import took 0.018979 seconds .

========================================================================
Received Import Request.
  Time since last request: 0.000436 seconds.
  path: Assets/image/game04/4-2-4.png
  artifactKey: Guid(e025efe807e082f4f842a28629899aba) Importer(815301076,1909f56bfc062723c751e8b465ee728b)
Start importing Assets/image/game04/4-2-4.png using Guid(e025efe807e082f4f842a28629899aba) Importer(815301076,1909f56bfc062723c751e8b465ee728b)  -> (artifact id: '0ce9d98c75b1da44e8f725461052b5db') in 0.034251 seconds
  Import took 0.039873 seconds .

========================================================================
Received Import Request.
  Time since last request: 0.452966 seconds.
  path: Assets/image/game04/4-2-6.png
  artifactKey: Guid(f31ee138624d434408e17b69adffcf40) Importer(815301076,1909f56bfc062723c751e8b465ee728b)
Start importing Assets/image/game04/4-2-6.png using Guid(f31ee138624d434408e17b69adffcf40) Importer(815301076,1909f56bfc062723c751e8b465ee728b)  -> (artifact id: '259e775077d7f55d7bd513f7fd2870f3') in 0.068168 seconds
  Import took 0.074000 seconds .

========================================================================
Received Import Request.
  Time since last request: 0.000411 seconds.
  path: Assets/image/game04/4-2-7.png
  artifactKey: Guid(31901d855e8b4f344ac1bc49138d2705) Importer(815301076,1909f56bfc062723c751e8b465ee728b)
Start importing Assets/image/game04/4-2-7.png using Guid(31901d855e8b4f344ac1bc49138d2705) Importer(815301076,1909f56bfc062723c751e8b465ee728b)  -> (artifact id: '5dcbd326d47dbab78acef122896db911') in 0.060734 seconds
  Import took 0.064502 seconds .

========================================================================
Received Import Request.
  Time since last request: 0.000466 seconds.
  path: Assets/image/game04/4-3-0.png
  artifactKey: Guid(1c0557fa5b06d584e8e965d5c7e72d19) Importer(815301076,1909f56bfc062723c751e8b465ee728b)
Start importing Assets/image/game04/4-3-0.png using Guid(1c0557fa5b06d584e8e965d5c7e72d19) Importer(815301076,1909f56bfc062723c751e8b465ee728b)  -> (artifact id: '7b4e210f499e239c3a6b4ba9dbd0266b') in 0.016044 seconds
  Import took 0.020882 seconds .

========================================================================
Received Import Request.
  Time since last request: 0.000391 seconds.
  path: Assets/image/game04/4-3-1.png
  artifactKey: Guid(5bd5a24faab58554084b486c740fb605) Importer(815301076,1909f56bfc062723c751e8b465ee728b)
Start importing Assets/image/game04/4-3-1.png using Guid(5bd5a24faab58554084b486c740fb605) Importer(815301076,1909f56bfc062723c751e8b465ee728b)  -> (artifact id: '2cfa59e0626613ed317ea48fe6000c2c') in 0.018816 seconds
  Import took 0.024758 seconds .

========================================================================
Received Import Request.
  Time since last request: 5.548185 seconds.
  path: Assets/image/game04/4-3-2.png
  artifactKey: Guid(7656cce7abae90641815cf29754442c4) Importer(815301076,1909f56bfc062723c751e8b465ee728b)
Start importing Assets/image/game04/4-3-2.png using Guid(7656cce7abae90641815cf29754442c4) Importer(815301076,1909f56bfc062723c751e8b465ee728b)  -> (artifact id: 'c9b4ebaca4044f9e4d2c422cab89aded') in 0.097016 seconds
  Import took 0.100983 seconds .

========================================================================
Received Import Request.
  Time since last request: 0.000440 seconds.
  path: Assets/image/game04/4-3-3.png
  artifactKey: Guid(216de5abc5a8b7f489b03e8527ad8890) Importer(815301076,1909f56bfc062723c751e8b465ee728b)
Start importing Assets/image/game04/4-3-3.png using Guid(216de5abc5a8b7f489b03e8527ad8890) Importer(815301076,1909f56bfc062723c751e8b465ee728b)  -> (artifact id: '0a94395dc65463c5c372ed8327bd1cc4') in 0.045247 seconds
  Import took 0.050871 seconds .

========================================================================
Received Import Request.
  Time since last request: 0.000388 seconds.
  path: Assets/image/game06/06.jpg
  artifactKey: Guid(7c77567e8680a424b85c9db397d49e88) Importer(815301076,1909f56bfc062723c751e8b465ee728b)
Start importing Assets/image/game06/06.jpg using Guid(7c77567e8680a424b85c9db397d49e88) Importer(815301076,1909f56bfc062723c751e8b465ee728b)  -> (artifact id: '4167bf3aa984b19d57f9c3911d06ad19') in 0.016469 seconds
  Import took 0.021871 seconds .

========================================================================
Received Import Request.
  Time since last request: 0.000398 seconds.
  path: Assets/image/game04/4-3-3.png
  artifactKey: Guid(216de5abc5a8b7f489b03e8527ad8890) Importer(815301076,1909f56bfc062723c751e8b465ee728b)
Start importing Assets/image/game04/4-3-3.png using Guid(216de5abc5a8b7f489b03e8527ad8890) Importer(815301076,1909f56bfc062723c751e8b465ee728b)  -> (artifact id: '0a94395dc65463c5c372ed8327bd1cc4') in 0.013005 seconds
  Import took 0.017619 seconds .

========================================================================
Received Import Request.
  Time since last request: 0.000457 seconds.
  path: Assets/Animation/5.png
  artifactKey: Guid(f8f93475a461a4147a65d765ebe39552) Importer(815301076,1909f56bfc062723c751e8b465ee728b)
Start importing Assets/Animation/5.png using Guid(f8f93475a461a4147a65d765ebe39552) Importer(815301076,1909f56bfc062723c751e8b465ee728b)  -> (artifact id: 'b29caf2a3a8aebc8b1e82bb4862b51c3') in 0.067993 seconds
  Import took 0.073037 seconds .

========================================================================
Received Import Request.
  Time since last request: 8.195740 seconds.
  path: Assets/Scenes/LittleGame/littleG04_3.unity
  artifactKey: Guid(d5b104160673bc54fb8ca965a08f92d1) Importer(815301076,1909f56bfc062723c751e8b465ee728b)
Start importing Assets/Scenes/LittleGame/littleG04_3.unity using Guid(d5b104160673bc54fb8ca965a08f92d1) Importer(815301076,1909f56bfc062723c751e8b465ee728b)  -> (artifact id: '21cf0bfc0bc8e2d992952168527c2833') in 0.005074 seconds
  Import took 0.012081 seconds .

========================================================================
Received Import Request.
  Time since last request: 0.001864 seconds.
  path: Assets/Scenes/LittleGame/littleG04_3.unity
  artifactKey: Guid(d5b104160673bc54fb8ca965a08f92d1) Importer(815301076,1909f56bfc062723c751e8b465ee728b)
Start importing Assets/Scenes/LittleGame/littleG04_3.unity using Guid(d5b104160673bc54fb8ca965a08f92d1) Importer(815301076,1909f56bfc062723c751e8b465ee728b)  -> (artifact id: '21cf0bfc0bc8e2d992952168527c2833') in 0.004388 seconds
  Import took 0.011966 seconds .

========================================================================
Received Import Request.
  Time since last request: 5.102917 seconds.
  path: Assets/Animation/6.png
  artifactKey: Guid(5d7d9ff943becdd459c6f977be2e1a6c) Importer(815301076,1909f56bfc062723c751e8b465ee728b)
Start importing Assets/Animation/6.png using Guid(5d7d9ff943becdd459c6f977be2e1a6c) Importer(815301076,1909f56bfc062723c751e8b465ee728b)  -> (artifact id: 'f882ded04a40b8b613101a3034ee7d80') in 0.016197 seconds
  Import took 0.021199 seconds .

========================================================================
Received Import Request.
  Time since last request: 0.000493 seconds.
  path: Assets/Rhythm Game Tutorial/Graphics/Arrow.png
  artifactKey: Guid(60bfd072918779345aef76bf7e212b42) Importer(815301076,1909f56bfc062723c751e8b465ee728b)
Start importing Assets/Rhythm Game Tutorial/Graphics/Arrow.png using Guid(60bfd072918779345aef76bf7e212b42) Importer(815301076,1909f56bfc062723c751e8b465ee728b)  -> (artifact id: '8681eda9a25c16340a20bb7ec2cd2b04') in 0.048176 seconds
  Import took 0.054990 seconds .

========================================================================
Received Import Request.
  Time since last request: 0.000423 seconds.
  path: Assets/Animation/新角色走路/A.png
  artifactKey: Guid(e02868988e21bfc45a88c69992bb40af) Importer(815301076,1909f56bfc062723c751e8b465ee728b)
Start importing Assets/Animation/新角色走路/A.png using Guid(e02868988e21bfc45a88c69992bb40af) Importer(815301076,1909f56bfc062723c751e8b465ee728b)  -> (artifact id: '7b69b0436f35751308ca37001a7f936b') in 0.036869 seconds
  Import took 0.041886 seconds .

========================================================================
Received Import Request.
  Time since last request: 0.000480 seconds.
  path: Assets/Animation/6.png
  artifactKey: Guid(5d7d9ff943becdd459c6f977be2e1a6c) Importer(815301076,1909f56bfc062723c751e8b465ee728b)
Start importing Assets/Animation/6.png using Guid(5d7d9ff943becdd459c6f977be2e1a6c) Importer(815301076,1909f56bfc062723c751e8b465ee728b)  -> (artifact id: 'f882ded04a40b8b613101a3034ee7d80') in 0.018250 seconds
  Import took 0.025108 seconds .

========================================================================
Received Import Request.
  Time since last request: 0.000447 seconds.
  path: Assets/image/aaa.png
  artifactKey: Guid(b838581e386fcbd42b5bb4950ca563d7) Importer(815301076,1909f56bfc062723c751e8b465ee728b)
Start importing Assets/image/aaa.png using Guid(b838581e386fcbd42b5bb4950ca563d7) Importer(815301076,1909f56bfc062723c751e8b465ee728b)  -> (artifact id: '6869bca85b39e9fadfb99b0d46d62c7a') in 0.037241 seconds
  Import took 0.041835 seconds .

========================================================================
Received Import Request.
  Time since last request: 0.547771 seconds.
  path: Assets/Animation/新角色走路/B.png
  artifactKey: Guid(272276ad2a4ee9642b7b683e019aea7e) Importer(815301076,1909f56bfc062723c751e8b465ee728b)
Start importing Assets/Animation/新角色走路/B.png using Guid(272276ad2a4ee9642b7b683e019aea7e) Importer(815301076,1909f56bfc062723c751e8b465ee728b)  -> (artifact id: '64718886586257beca23c266f6e0a63a') in 0.130082 seconds
  Import took 0.134744 seconds .

========================================================================
Received Import Request.
  Time since last request: 0.000424 seconds.
  path: Assets/Fungus/Resources/Sprites/Background.png
  artifactKey: Guid(78bc8db714c3749cc8bd8c0b7e525b85) Importer(815301076,1909f56bfc062723c751e8b465ee728b)
Start importing Assets/Fungus/Resources/Sprites/Background.png using Guid(78bc8db714c3749cc8bd8c0b7e525b85) Importer(815301076,1909f56bfc062723c751e8b465ee728b)  -> (artifact id: '8fbf2127a2c2c0214d47337510b1e146') in 0.061769 seconds
  Import took 0.066374 seconds .

========================================================================
Received Import Request.
  Time since last request: 0.000438 seconds.
  path: Assets/image/character/BODY.png
  artifactKey: Guid(45d6a7f53e0ff3e498845b01e75b70d2) Importer(815301076,1909f56bfc062723c751e8b465ee728b)
Start importing Assets/image/character/BODY.png using Guid(45d6a7f53e0ff3e498845b01e75b70d2) Importer(815301076,1909f56bfc062723c751e8b465ee728b)  -> (artifact id: 'f4409d1ea87fd6dfebedbbc354d10469') in 0.070289 seconds
  Import took 0.073945 seconds .

========================================================================
Received Import Request.
  Time since last request: 0.000427 seconds.
  path: Assets/Rhythm Game Tutorial/Graphics/Buttons_Green_Pressed.png
  artifactKey: Guid(2d10ec486261df445b73774ff82f1b69) Importer(815301076,1909f56bfc062723c751e8b465ee728b)
Start importing Assets/Rhythm Game Tutorial/Graphics/Buttons_Green_Pressed.png using Guid(2d10ec486261df445b73774ff82f1b69) Importer(815301076,1909f56bfc062723c751e8b465ee728b)  -> (artifact id: '419a012b8f7483b2dbb8e08964ada6c2') in 0.016405 seconds
  Import took 0.021689 seconds .

========================================================================
Received Import Request.
  Time since last request: 0.000460 seconds.
  path: Assets/Rhythm Game Tutorial/Graphics/Buttons_Blue_Pressed.png
  artifactKey: Guid(18bf226de2d59284e904c26430f659c9) Importer(815301076,1909f56bfc062723c751e8b465ee728b)
Start importing Assets/Rhythm Game Tutorial/Graphics/Buttons_Blue_Pressed.png using Guid(18bf226de2d59284e904c26430f659c9) Importer(815301076,1909f56bfc062723c751e8b465ee728b)  -> (artifact id: '290db4db643dfcad3481eee574991737') in 0.066905 seconds
  Import took 0.073385 seconds .

========================================================================
Received Import Request.
  Time since last request: 0.000778 seconds.
  path: Assets/image/game01/BG.png
  artifactKey: Guid(cc0e658c92dfc4e49a2bc49ebc3f5530) Importer(815301076,1909f56bfc062723c751e8b465ee728b)
Start importing Assets/image/game01/BG.png using Guid(cc0e658c92dfc4e49a2bc49ebc3f5530) Importer(815301076,1909f56bfc062723c751e8b465ee728b)  -> (artifact id: '8f53b1cb264f976e8c1a1b2a16585bd0') in 0.019137 seconds
  Import took 0.025521 seconds .

========================================================================
Received Import Request.
  Time since last request: 0.000401 seconds.
  path: Assets/Rhythm Game Tutorial/Graphics/Buttons_Green.png
  artifactKey: Guid(c3c13b1f8baa5dd4a86d3dc186668178) Importer(815301076,1909f56bfc062723c751e8b465ee728b)
Start importing Assets/Rhythm Game Tutorial/Graphics/Buttons_Green.png using Guid(c3c13b1f8baa5dd4a86d3dc186668178) Importer(815301076,1909f56bfc062723c751e8b465ee728b)  -> (artifact id: 'ff0e160cd56026170f0b896f1756f55e') in 0.040269 seconds
  Import took 0.045729 seconds .

========================================================================
Received Import Request.
  Time since last request: 0.000520 seconds.
  path: Assets/image/game01/BG.png
  artifactKey: Guid(cc0e658c92dfc4e49a2bc49ebc3f5530) Importer(815301076,1909f56bfc062723c751e8b465ee728b)
Start importing Assets/image/game01/BG.png using Guid(cc0e658c92dfc4e49a2bc49ebc3f5530) Importer(815301076,1909f56bfc062723c751e8b465ee728b)  -> (artifact id: '8f53b1cb264f976e8c1a1b2a16585bd0') in 0.015821 seconds
  Import took 0.021585 seconds .

========================================================================
Received Import Request.
  Time since last request: 0.000420 seconds.
  path: Assets/Rhythm Game Tutorial/Graphics/Buttons_Blue.png
  artifactKey: Guid(ad187f74f2d0cc4499f39a0267b9eda8) Importer(815301076,1909f56bfc062723c751e8b465ee728b)
Start importing Assets/Rhythm Game Tutorial/Graphics/Buttons_Blue.png using Guid(ad187f74f2d0cc4499f39a0267b9eda8) Importer(815301076,1909f56bfc062723c751e8b465ee728b)  -> (artifact id: 'e8e1182e52a52001e000598359a059f0') in 0.016813 seconds
  Import took 0.024307 seconds .

========================================================================
Received Import Request.
  Time since last request: 6.944489 seconds.
  path: Assets/Scenes/LittleGame/littleG06.unity
  artifactKey: Guid(93d24486454e25b4b8db82af0f74faa0) Importer(815301076,1909f56bfc062723c751e8b465ee728b)
Start importing Assets/Scenes/LittleGame/littleG06.unity using Guid(93d24486454e25b4b8db82af0f74faa0) Importer(815301076,1909f56bfc062723c751e8b465ee728b)  -> (artifact id: '956f20737758b8df24ec46af2cd937a2') in 0.003559 seconds
  Import took 0.010734 seconds .

========================================================================
Received Import Request.
  Time since last request: 7.735918 seconds.
  path: Assets/Rhythm Game Tutorial/Graphics/Buttons_Red.png
  artifactKey: Guid(1bbda9210988dfd4db252a09838d254f) Importer(815301076,1909f56bfc062723c751e8b465ee728b)
Start importing Assets/Rhythm Game Tutorial/Graphics/Buttons_Red.png using Guid(1bbda9210988dfd4db252a09838d254f) Importer(815301076,1909f56bfc062723c751e8b465ee728b)  -> (artifact id: '89efd183309d881145bb94156dd2e777') in 0.012461 seconds
  Import took 0.017085 seconds .

========================================================================
Received Import Request.
  Time since last request: 0.000438 seconds.
  path: Assets/Rhythm Game Tutorial/Graphics/Buttons_Red_Pressed.png
  artifactKey: Guid(cacc39dd2a4e88a43aadeddd73e9b1e2) Importer(815301076,1909f56bfc062723c751e8b465ee728b)
Start importing Assets/Rhythm Game Tutorial/Graphics/Buttons_Red_Pressed.png using Guid(cacc39dd2a4e88a43aadeddd73e9b1e2) Importer(815301076,1909f56bfc062723c751e8b465ee728b)  -> (artifact id: '1c47116416aa3e7d368df098298ac279') in 0.014327 seconds
  Import took 0.018627 seconds .

========================================================================
Received Import Request.
  Time since last request: 0.000563 seconds.
  path: Assets/Rhythm Game Tutorial/Graphics/Buttons_Yellow_Pressed.png
  artifactKey: Guid(8f47ff751b3bdec48862adf0100c74fa) Importer(815301076,1909f56bfc062723c751e8b465ee728b)
Start importing Assets/Rhythm Game Tutorial/Graphics/Buttons_Yellow_Pressed.png using Guid(8f47ff751b3bdec48862adf0100c74fa) Importer(815301076,1909f56bfc062723c751e8b465ee728b)  -> (artifact id: 'a1cd1b5e2202d78643035eb81903d485') in 0.016515 seconds
  Import took 0.022281 seconds .

========================================================================
Received Import Request.
  Time since last request: 0.000555 seconds.
  path: Assets/Rhythm Game Tutorial/Graphics/Buttons_Yellow.png
  artifactKey: Guid(ed2984e24d5df6f46a80ead6ad2964fa) Importer(815301076,1909f56bfc062723c751e8b465ee728b)
Start importing Assets/Rhythm Game Tutorial/Graphics/Buttons_Yellow.png using Guid(ed2984e24d5df6f46a80ead6ad2964fa) Importer(815301076,1909f56bfc062723c751e8b465ee728b)  -> (artifact id: '44ca56351eaa8190305101d30138b994') in 0.021229 seconds
  Import took 0.026986 seconds .

========================================================================
Received Import Request.
  Time since last request: 2.648615 seconds.
  path: Assets/Animation/新角色走路/C.png
  artifactKey: Guid(6a391045d1b2c364b8be0a012b152b2d) Importer(815301076,1909f56bfc062723c751e8b465ee728b)
Start importing Assets/Animation/新角色走路/C.png using Guid(6a391045d1b2c364b8be0a012b152b2d) Importer(815301076,1909f56bfc062723c751e8b465ee728b)  -> (artifact id: '0ecfb0e70cb8c3eaa88b2d2f0e52c0fe') in 0.013481 seconds
  Import took 0.019573 seconds .

========================================================================
Received Import Request.
  Time since last request: 0.000424 seconds.
  path: Assets/image/game01/chaba.png
  artifactKey: Guid(49afae7bc820e534a82bc8603dc03fba) Importer(815301076,1909f56bfc062723c751e8b465ee728b)
Start importing Assets/image/game01/chaba.png using Guid(49afae7bc820e534a82bc8603dc03fba) Importer(815301076,1909f56bfc062723c751e8b465ee728b)  -> (artifact id: '12c5d3e3bfbb61a7929d95fdc7c64ca0') in 0.413848 seconds
  Import took 0.417755 seconds .

========================================================================
Received Import Request.
  Time since last request: 0.000353 seconds.
  path: Assets/image/chaptertitle/chapter2.png
  artifactKey: Guid(88bb12471be9f294e8a37708ec8e8254) Importer(815301076,1909f56bfc062723c751e8b465ee728b)
Start importing Assets/image/chaptertitle/chapter2.png using Guid(88bb12471be9f294e8a37708ec8e8254) Importer(815301076,1909f56bfc062723c751e8b465ee728b)  -> (artifact id: '9c29548c37be44b3f5525050a7773f75') in 0.128064 seconds
  Import took 0.132464 seconds .

========================================================================
Received Import Request.
  Time since last request: 0.000482 seconds.
  path: Assets/image/everything.png
  artifactKey: Guid(7835b23cd0add7a4da8b8c134242752b) Importer(815301076,1909f56bfc062723c751e8b465ee728b)
Start importing Assets/image/everything.png using Guid(7835b23cd0add7a4da8b8c134242752b) Importer(815301076,1909f56bfc062723c751e8b465ee728b)  -> (artifact id: 'ee563326627eb93a185e329398ae8669') in 0.166629 seconds
  Import took 0.171757 seconds .

========================================================================
Received Import Request.
  Time since last request: 0.000429 seconds.
  path: Assets/Fungus/Textures/CreatedWith.psd
  artifactKey: Guid(7adcbbe62d6554d81affcab2c56ad5ac) Importer(815301076,1909f56bfc062723c751e8b465ee728b)
Start importing Assets/Fungus/Textures/CreatedWith.psd using Guid(7adcbbe62d6554d81affcab2c56ad5ac) Importer(815301076,1909f56bfc062723c751e8b465ee728b)  -> (artifact id: '7e0a22ddcb7d4c94d9f98438e1f0b148') in 0.043944 seconds
  Import took 0.047960 seconds .

========================================================================
Received Import Request.
  Time since last request: 0.000406 seconds.
  path: Assets/Animation/新角色走路/D.png
  artifactKey: Guid(62e94e76852ee274f9f38874f3616432) Importer(815301076,1909f56bfc062723c751e8b465ee728b)
Start importing Assets/Animation/新角色走路/D.png using Guid(62e94e76852ee274f9f38874f3616432) Importer(815301076,1909f56bfc062723c751e8b465ee728b)  -> (artifact id: '468c3cd8cd3339a2a35625b4a79736fb') in 0.119362 seconds
  Import took 0.126048 seconds .

========================================================================
Received Import Request.
  Time since last request: 0.000436 seconds.
  path: Assets/image/game06/G6.png
  artifactKey: Guid(1354fcf4098c3df4896a4e6c5ed9f860) Importer(815301076,1909f56bfc062723c751e8b465ee728b)
Start importing Assets/image/game06/G6.png using Guid(1354fcf4098c3df4896a4e6c5ed9f860) Importer(815301076,1909f56bfc062723c751e8b465ee728b)  -> (artifact id: 'c1d016143bebc948abee30edeff9dbc8') in 0.106959 seconds
  Import took 0.111025 seconds .

========================================================================
Received Import Request.
  Time since last request: 0.000488 seconds.
  path: Assets/image/character/FOOT_R.png
  artifactKey: Guid(8a65a8d087d35cc46bd57205e0f5b1e4) Importer(815301076,1909f56bfc062723c751e8b465ee728b)
Start importing Assets/image/character/FOOT_R.png using Guid(8a65a8d087d35cc46bd57205e0f5b1e4) Importer(815301076,1909f56bfc062723c751e8b465ee728b)  -> (artifact id: 'ae41307837077d0752636802a1abb67c') in 0.015008 seconds
  Import took 0.019838 seconds .

========================================================================
Received Import Request.
  Time since last request: 0.000420 seconds.
  path: Assets/Fungus/Textures/FungusLogo.png
  artifactKey: Guid(1b656a189e6154422a74e05a56c3f245) Importer(815301076,1909f56bfc062723c751e8b465ee728b)
Start importing Assets/Fungus/Textures/FungusLogo.png using Guid(1b656a189e6154422a74e05a56c3f245) Importer(815301076,1909f56bfc062723c751e8b465ee728b)  -> (artifact id: '9f86a41ab6cc5adbd67b45e94dca5614') in 0.019979 seconds
  Import took 0.025650 seconds .

========================================================================
Received Import Request.
  Time since last request: 0.000777 seconds.
  path: Assets/image/character/dad_head.png
  artifactKey: Guid(9f067dd9417aca0468af5a88bd3bee93) Importer(815301076,1909f56bfc062723c751e8b465ee728b)
Start importing Assets/image/character/dad_head.png using Guid(9f067dd9417aca0468af5a88bd3bee93) Importer(815301076,1909f56bfc062723c751e8b465ee728b)  -> (artifact id: '0eb2d0fd5e9e78de60f2c62a649e134f') in 0.024461 seconds
  Import took 0.030176 seconds .

========================================================================
Received Import Request.
  Time since last request: 0.000382 seconds.
  path: Assets/image/backgroung/GProom.jpg
  artifactKey: Guid(09793bee18e385442bf6ee6f8dc35446) Importer(815301076,1909f56bfc062723c751e8b465ee728b)
Start importing Assets/image/backgroung/GProom.jpg using Guid(09793bee18e385442bf6ee6f8dc35446) Importer(815301076,1909f56bfc062723c751e8b465ee728b)  -> (artifact id: '648072ddf1e395286da6da328194a7f8') in 0.043248 seconds
  Import took 0.049432 seconds .

========================================================================
Received Import Request.
  Time since last request: 0.000507 seconds.
  path: Assets/image/backgroung/floor_one.png
  artifactKey: Guid(48cce52167adaa542b092298ebd43ff0) Importer(815301076,1909f56bfc062723c751e8b465ee728b)
Start importing Assets/image/backgroung/floor_one.png using Guid(48cce52167adaa542b092298ebd43ff0) Importer(815301076,1909f56bfc062723c751e8b465ee728b)  -> (artifact id: 'aa05df46db961192f01b9c3b6fa5d6b4') in 0.136067 seconds
  Import took 0.141006 seconds .

========================================================================
Received Import Request.
  Time since last request: 0.000432 seconds.
  path: Assets/Fungus/Textures/DialogBoxSliced.png
  artifactKey: Guid(e8ab00ef0d9684dcb9deb52811d91218) Importer(815301076,1909f56bfc062723c751e8b465ee728b)
Start importing Assets/Fungus/Textures/DialogBoxSliced.png using Guid(e8ab00ef0d9684dcb9deb52811d91218) Importer(815301076,1909f56bfc062723c751e8b465ee728b)  -> (artifact id: '121f53267add1900ba628c5bf56295bb') in 0.019892 seconds
  Import took 0.025940 seconds .

========================================================================
Received Import Request.
  Time since last request: 0.001169 seconds.
  path: Assets/image/chaptertitle/chapter3.png
  artifactKey: Guid(f1e3dec56999e504a9cb01697bacb104) Importer(815301076,1909f56bfc062723c751e8b465ee728b)
Start importing Assets/image/chaptertitle/chapter3.png using Guid(f1e3dec56999e504a9cb01697bacb104) Importer(815301076,1909f56bfc062723c751e8b465ee728b)  -> (artifact id: '719765ee166c2dc86d26a6289abfecd7') in 0.117703 seconds
  Import took 0.122169 seconds .

========================================================================
Received Import Request.
  Time since last request: 0.000367 seconds.
  path: Assets/image/character/main.png
  artifactKey: Guid(c7893a621f9d11a4b8179edc03dfbf90) Importer(815301076,1909f56bfc062723c751e8b465ee728b)
Start importing Assets/image/character/main.png using Guid(c7893a621f9d11a4b8179edc03dfbf90) Importer(815301076,1909f56bfc062723c751e8b465ee728b)  -> (artifact id: 'c2cfeb638f10af7ccbace6f65ba40e8a') in 0.180481 seconds
  Import took 0.184523 seconds .

========================================================================
Received Import Request.
  Time since last request: 0.000480 seconds.
  path: Assets/NE 1.png
  artifactKey: Guid(ad388558e1fed314293a2409376995ca) Importer(815301076,1909f56bfc062723c751e8b465ee728b)
Start importing Assets/NE 1.png using Guid(ad388558e1fed314293a2409376995ca) Importer(815301076,1909f56bfc062723c751e8b465ee728b)  -> (artifact id: '7cbc7493a0245c0afb005f280af0d072') in 0.016698 seconds
  Import took 0.020801 seconds .

========================================================================
Received Import Request.
  Time since last request: 0.000442 seconds.
  path: Assets/Fungus/Textures/Mushroom.png
  artifactKey: Guid(ea8f56c43254d41728f5ac4e8299b6c9) Importer(815301076,1909f56bfc062723c751e8b465ee728b)
Start importing Assets/Fungus/Textures/Mushroom.png using Guid(ea8f56c43254d41728f5ac4e8299b6c9) Importer(815301076,1909f56bfc062723c751e8b465ee728b)  -> (artifact id: '33f6a23cc90dccfbb775df15424fff44') in 0.015227 seconds
  Import took 0.020107 seconds .

========================================================================
Received Import Request.
  Time since last request: 0.000415 seconds.
  path: Assets/NE 2.png
  artifactKey: Guid(051cf4b9df59bb6409b0fed5cc4c23fd) Importer(815301076,1909f56bfc062723c751e8b465ee728b)
Start importing Assets/NE 2.png using Guid(051cf4b9df59bb6409b0fed5cc4c23fd) Importer(815301076,1909f56bfc062723c751e8b465ee728b)  -> (artifact id: '7960b172f54eec159827592917ad755c') in 0.345903 seconds
  Import took 0.350701 seconds .

========================================================================
Received Import Request.
  Time since last request: 0.000482 seconds.
  path: Assets/Fungus/Textures/menu.png
  artifactKey: Guid(240416d45df4c6c4daec987220246861) Importer(815301076,1909f56bfc062723c751e8b465ee728b)
Start importing Assets/Fungus/Textures/menu.png using Guid(240416d45df4c6c4daec987220246861) Importer(815301076,1909f56bfc062723c751e8b465ee728b)  -> (artifact id: '31a5c58f708c08186dc29bf8a5ac6aa2') in 0.065761 seconds
  Import took 0.070001 seconds .

========================================================================
Received Import Request.
  Time since last request: 0.000426 seconds.
  path: Assets/image/character/mom_head.png
  artifactKey: Guid(6e1ae309c9db2b94188563d5560edd1f) Importer(815301076,1909f56bfc062723c751e8b465ee728b)
Start importing Assets/image/character/mom_head.png using Guid(6e1ae309c9db2b94188563d5560edd1f) Importer(815301076,1909f56bfc062723c751e8b465ee728b)  -> (artifact id: '78d3c7b8537611a14f02dd7561f39968') in 0.020444 seconds
  Import took 0.024603 seconds .

========================================================================
Received Import Request.
  Time since last request: 0.000352 seconds.
  path: Assets/image/game03/O04.png
  artifactKey: Guid(f9bc835ff9f56ec4b9dd0cb3c78529cb) Importer(815301076,1909f56bfc062723c751e8b465ee728b)
Start importing Assets/image/game03/O04.png using Guid(f9bc835ff9f56ec4b9dd0cb3c78529cb) Importer(815301076,1909f56bfc062723c751e8b465ee728b)  -> (artifact id: '06a083e00a675412843f85903f850977') in 0.018170 seconds
  Import took 0.025638 seconds .

========================================================================
Received Import Request.
  Time since last request: 0.000409 seconds.
  path: Assets/Fungus/Textures/GreyButton.png
  artifactKey: Guid(9bdedfa4650174106a3115624f193b99) Importer(815301076,1909f56bfc062723c751e8b465ee728b)
Start importing Assets/Fungus/Textures/GreyButton.png using Guid(9bdedfa4650174106a3115624f193b99) Importer(815301076,1909f56bfc062723c751e8b465ee728b)  -> (artifact id: '3ab15e098eb72d09dd444c22da992e94') in 0.014122 seconds
  Import took 0.018874 seconds .

========================================================================
Received Import Request.
  Time since last request: 0.000603 seconds.
  path: Assets/image/character/ma.png
  artifactKey: Guid(5ff0db3f90b5d6e4ca304a7bf1743c1b) Importer(815301076,1909f56bfc062723c751e8b465ee728b)
Start importing Assets/image/character/ma.png using Guid(5ff0db3f90b5d6e4ca304a7bf1743c1b) Importer(815301076,1909f56bfc062723c751e8b465ee728b)  -> (artifact id: '07af7285c7a544aeeb511cbb45c43d65') in 0.023778 seconds
  Import took 0.029681 seconds .

========================================================================
Received Import Request.
  Time since last request: 0.000438 seconds.
  path: Assets/Rhythm Game Tutorial/Graphics/F.png
  artifactKey: Guid(709f3115c72454d4c95f3b2dc38653a8) Importer(815301076,1909f56bfc062723c751e8b465ee728b)
Start importing Assets/Rhythm Game Tutorial/Graphics/F.png using Guid(709f3115c72454d4c95f3b2dc38653a8) Importer(815301076,1909f56bfc062723c751e8b465ee728b)  -> (artifact id: 'cf0d6b5ff59188200309e8fcee43a85f') in 0.110617 seconds
  Import took 0.114972 seconds .

========================================================================
Received Import Request.
  Time since last request: 0.000424 seconds.
  path: Assets/image/character/head主.png
  artifactKey: Guid(1897864897714dc4bbd8e08a0b2ea716) Importer(815301076,1909f56bfc062723c751e8b465ee728b)
Start importing Assets/image/character/head主.png using Guid(1897864897714dc4bbd8e08a0b2ea716) Importer(815301076,1909f56bfc062723c751e8b465ee728b)  -> (artifact id: '49971a80990c3acb4ca46385a8ae053b') in 0.018918 seconds
  Import took 0.024228 seconds .

========================================================================
Received Import Request.
  Time since last request: 0.000438 seconds.
  path: Assets/Rhythm Game Tutorial/Graphics/D.png
  artifactKey: Guid(abf6fe6302b2c6942a944febf852c564) Importer(815301076,1909f56bfc062723c751e8b465ee728b)
Start importing Assets/Rhythm Game Tutorial/Graphics/D.png using Guid(abf6fe6302b2c6942a944febf852c564) Importer(815301076,1909f56bfc062723c751e8b465ee728b)  -> (artifact id: '4411aeec4a202d05d174bcb8da5160b9') in 0.015335 seconds
  Import took 0.022767 seconds .

========================================================================
Received Import Request.
  Time since last request: 0.000495 seconds.
  path: Assets/Rhythm Game Tutorial/Graphics/J.png
  artifactKey: Guid(12ef36fd05bbaf142af03f004e430467) Importer(815301076,1909f56bfc062723c751e8b465ee728b)
Start importing Assets/Rhythm Game Tutorial/Graphics/J.png using Guid(12ef36fd05bbaf142af03f004e430467) Importer(815301076,1909f56bfc062723c751e8b465ee728b)  -> (artifact id: 'a345d8be7232bde15c1b1369be2c3608') in 0.134903 seconds
  Import took 0.138718 seconds .

========================================================================
Received Import Request.
  Time since last request: 0.000443 seconds.
  path: Assets/Fungus/Textures/OptionButtonDisabled.png
  artifactKey: Guid(49d5ccdda7b99e24787c2abc3891294c) Importer(815301076,1909f56bfc062723c751e8b465ee728b)
Start importing Assets/Fungus/Textures/OptionButtonDisabled.png using Guid(49d5ccdda7b99e24787c2abc3891294c) Importer(815301076,1909f56bfc062723c751e8b465ee728b)  -> (artifact id: 'a859e626631f9edb4fca267de9461192') in 0.014809 seconds
  Import took 0.020027 seconds .

========================================================================
Received Import Request.
  Time since last request: 0.000498 seconds.
  path: Assets/Fungus/Textures/OptionButtonPressed.png
  artifactKey: Guid(2e33a3f531b6adc4f9d8a99c83e2ba2d) Importer(815301076,1909f56bfc062723c751e8b465ee728b)
Start importing Assets/Fungus/Textures/OptionButtonPressed.png using Guid(2e33a3f531b6adc4f9d8a99c83e2ba2d) Importer(815301076,1909f56bfc062723c751e8b465ee728b)  -> (artifact id: 'f39e1b889606cfb268edb4097ea78b24') in 0.013358 seconds
  Import took 0.021870 seconds .

========================================================================
Received Import Request.
  Time since last request: 0.000426 seconds.
  path: Assets/image/game03/O05.png
  artifactKey: Guid(e282527402302a84c823911bece7f2ca) Importer(815301076,1909f56bfc062723c751e8b465ee728b)
Start importing Assets/image/game03/O05.png using Guid(e282527402302a84c823911bece7f2ca) Importer(815301076,1909f56bfc062723c751e8b465ee728b)  -> (artifact id: '38cdc7f42ecaed6186ec3c9d30225391') in 0.096254 seconds
  Import took 0.100476 seconds .

========================================================================
Received Import Request.
  Time since last request: 0.000414 seconds.
  path: Assets/Fungus/Textures/ScriptIcon.png
  artifactKey: Guid(c22400d5bd211479099238aaacbd4852) Importer(815301076,1909f56bfc062723c751e8b465ee728b)
Start importing Assets/Fungus/Textures/ScriptIcon.png using Guid(c22400d5bd211479099238aaacbd4852) Importer(815301076,1909f56bfc062723c751e8b465ee728b)  -> (artifact id: '3fd96484cbe6081f18134a7c4c9cd1a8') in 0.055835 seconds
  Import took 0.059761 seconds .

========================================================================
Received Import Request.
  Time since last request: 0.000381 seconds.
  path: Assets/Rhythm Game Tutorial/Graphics/GAME OVER.png
  artifactKey: Guid(0e84d5cf82b56bb47a04f1d326bd2bcd) Importer(815301076,1909f56bfc062723c751e8b465ee728b)
Start importing Assets/Rhythm Game Tutorial/Graphics/GAME OVER.png using Guid(0e84d5cf82b56bb47a04f1d326bd2bcd) Importer(815301076,1909f56bfc062723c751e8b465ee728b)  -> (artifact id: 'fa4631273ba80811ba963398c4f6f0c9') in 0.012552 seconds
  Import took 0.018458 seconds .

========================================================================
Received Import Request.
  Time since last request: 0.000548 seconds.
  path: Assets/image/character/HAND_R.png
  artifactKey: Guid(e875c8d3b7371974f97d0ccec1989645) Importer(815301076,1909f56bfc062723c751e8b465ee728b)
Start importing Assets/image/character/HAND_R.png using Guid(e875c8d3b7371974f97d0ccec1989645) Importer(815301076,1909f56bfc062723c751e8b465ee728b)  -> (artifact id: '5c420442ecab6435d6f4761e31dd4741') in 0.080367 seconds
  Import took 0.084245 seconds .

========================================================================
Received Import Request.
  Time since last request: 0.000447 seconds.
  path: Assets/ma.png
  artifactKey: Guid(b55de98925c47d7468329d55fc8f377f) Importer(815301076,1909f56bfc062723c751e8b465ee728b)
Start importing Assets/ma.png using Guid(b55de98925c47d7468329d55fc8f377f) Importer(815301076,1909f56bfc062723c751e8b465ee728b)  -> (artifact id: 'cc14c5c11d9155eae5b5578b53dedc28') in 0.148164 seconds
  Import took 0.151804 seconds .

========================================================================
Received Import Request.
  Time since last request: 0.000564 seconds.
  path: Assets/image/character/mom.png
  artifactKey: Guid(3ad95028155684b45b546cd0e4b872c6) Importer(815301076,1909f56bfc062723c751e8b465ee728b)
Start importing Assets/image/character/mom.png using Guid(3ad95028155684b45b546cd0e4b872c6) Importer(815301076,1909f56bfc062723c751e8b465ee728b)  -> (artifact id: '1bc76460d2ef4845c6f0c6fa28640699') in 0.017050 seconds
  Import took 0.022700 seconds .

========================================================================
Received Import Request.
  Time since last request: 0.000385 seconds.
  path: Assets/image/character/Ne.png
  artifactKey: Guid(4d91a0afd8d52f24aa497d7b783c11b8) Importer(815301076,1909f56bfc062723c751e8b465ee728b)
Start importing Assets/image/character/Ne.png using Guid(4d91a0afd8d52f24aa497d7b783c11b8) Importer(815301076,1909f56bfc062723c751e8b465ee728b)  -> (artifact id: '82b700364b9cfbb9b0a49a885fdeb533') in 0.022947 seconds
  Import took 0.028512 seconds .

========================================================================
Received Import Request.
  Time since last request: 0.000418 seconds.
  path: Assets/image/game03/O02.png
  artifactKey: Guid(65576bf02d26a1f4b8bf87c64d1ed53e) Importer(815301076,1909f56bfc062723c751e8b465ee728b)
Start importing Assets/image/game03/O02.png using Guid(65576bf02d26a1f4b8bf87c64d1ed53e) Importer(815301076,1909f56bfc062723c751e8b465ee728b)  -> (artifact id: '7ba930a28830c45c9e7fc43629c99082') in 0.295105 seconds
  Import took 0.299648 seconds .

========================================================================
Received Import Request.
  Time since last request: 0.000360 seconds.
  path: Assets/image/character/head爺.png
  artifactKey: Guid(a0f1220bfc3bae94c9aedfa6c609c674) Importer(815301076,1909f56bfc062723c751e8b465ee728b)
Start importing Assets/image/character/head爺.png using Guid(a0f1220bfc3bae94c9aedfa6c609c674) Importer(815301076,1909f56bfc062723c751e8b465ee728b)  -> (artifact id: '44fa46aa17469168cdf15d6e2d124f47') in 0.393768 seconds
  Import took 0.399014 seconds .

========================================================================
Received Import Request.
  Time since last request: 0.000403 seconds.
  path: Assets/Fungus/Textures/DialogBox.png
  artifactKey: Guid(eeb00f6cd27e9ef4d9174551b3342dec) Importer(815301076,1909f56bfc062723c751e8b465ee728b)
Start importing Assets/Fungus/Textures/DialogBox.png using Guid(eeb00f6cd27e9ef4d9174551b3342dec) Importer(815301076,1909f56bfc062723c751e8b465ee728b)  -> (artifact id: 'e139891479f04383b1daf0b95eccc629') in 0.015395 seconds
  Import took 0.020691 seconds .

========================================================================
Received Import Request.
  Time since last request: 0.000397 seconds.
  path: Assets/image/chaptertitle/chapter1.png
  artifactKey: Guid(3b5160cc92a3946479de07d3dcebbdd2) Importer(815301076,1909f56bfc062723c751e8b465ee728b)
Start importing Assets/image/chaptertitle/chapter1.png using Guid(3b5160cc92a3946479de07d3dcebbdd2) Importer(815301076,1909f56bfc062723c751e8b465ee728b)  -> (artifact id: '8087d3ae21d01250c61ea2455ac1fb7e') in 0.016031 seconds
  Import took 0.025282 seconds .

========================================================================
Received Import Request.
  Time since last request: 0.000872 seconds.
  path: Assets/image/character/dad.png
  artifactKey: Guid(24454934117f8ce4dbd86989d8c53080) Importer(815301076,1909f56bfc062723c751e8b465ee728b)
Start importing Assets/image/character/dad.png using Guid(24454934117f8ce4dbd86989d8c53080) Importer(815301076,1909f56bfc062723c751e8b465ee728b)  -> (artifact id: '06462a709dbd157fc640a8809caa942b') in 0.173381 seconds
  Import took 0.177743 seconds .

========================================================================
Received Import Request.
  Time since last request: 0.000413 seconds.
  path: Assets/Fungus/Textures/rewind.png
  artifactKey: Guid(62573ea76cbf34643bf28a259a6c901c) Importer(815301076,1909f56bfc062723c751e8b465ee728b)
Start importing Assets/Fungus/Textures/rewind.png using Guid(62573ea76cbf34643bf28a259a6c901c) Importer(815301076,1909f56bfc062723c751e8b465ee728b)  -> (artifact id: '345cf1fb7d752979ae0540255624b45b') in 0.067817 seconds
  Import took 0.071870 seconds .

========================================================================
Received Import Request.
  Time since last request: 0.000365 seconds.
  path: Assets/image/key_E.png
  artifactKey: Guid(e263e2c9e86394747bc696ce34e5730c) Importer(815301076,1909f56bfc062723c751e8b465ee728b)
Start importing Assets/image/key_E.png using Guid(e263e2c9e86394747bc696ce34e5730c) Importer(815301076,1909f56bfc062723c751e8b465ee728b)  -> (artifact id: 'faf863ed1739b95f55d87365e4542893') in 0.149845 seconds
  Import took 0.153985 seconds .

========================================================================
Received Import Request.
  Time since last request: 0.000391 seconds.
  path: Assets/Fungus/Textures/OptionButton.png
  artifactKey: Guid(c207de86481ff7d48a2fba2fcc374723) Importer(815301076,1909f56bfc062723c751e8b465ee728b)
Start importing Assets/Fungus/Textures/OptionButton.png using Guid(c207de86481ff7d48a2fba2fcc374723) Importer(815301076,1909f56bfc062723c751e8b465ee728b)  -> (artifact id: 'f9b7afbeb19fc0b6b22b5853b2339c4f') in 0.011739 seconds
  Import took 0.017072 seconds .

========================================================================
Received Import Request.
  Time since last request: 0.000523 seconds.
  path: Assets/image/character/gp_head.png
  artifactKey: Guid(4aaf185bc5e2fc74f9652a2b53cc22b1) Importer(815301076,1909f56bfc062723c751e8b465ee728b)
Start importing Assets/image/character/gp_head.png using Guid(4aaf185bc5e2fc74f9652a2b53cc22b1) Importer(815301076,1909f56bfc062723c751e8b465ee728b)  -> (artifact id: 'dc11244a34790762f016f92489fddabc') in 0.022944 seconds
  Import took 0.028156 seconds .

========================================================================
Received Import Request.
  Time since last request: 0.000583 seconds.
  path: Assets/Fungus/Textures/HistoryIcon.png
  artifactKey: Guid(94b4465d12d983b45a5c1af59318e72e) Importer(815301076,1909f56bfc062723c751e8b465ee728b)
Start importing Assets/Fungus/Textures/HistoryIcon.png using Guid(94b4465d12d983b45a5c1af59318e72e) Importer(815301076,1909f56bfc062723c751e8b465ee728b)  -> (artifact id: '960c0bbe2949ab2513def59a833fca47') in 0.049945 seconds
  Import took 0.054358 seconds .

========================================================================
Received Import Request.
  Time since last request: 0.000398 seconds.
  path: Assets/image/backgroung/og.png
  artifactKey: Guid(ae33df2adbd60b3478b6f0bf3d879f90) Importer(815301076,1909f56bfc062723c751e8b465ee728b)
Start importing Assets/image/backgroung/og.png using Guid(ae33df2adbd60b3478b6f0bf3d879f90) Importer(815301076,1909f56bfc062723c751e8b465ee728b)  -> (artifact id: '88ca85e94625d3b4e7e4e79118c83970') in 0.029293 seconds
  Import took 0.033487 seconds .

========================================================================
Received Import Request.
  Time since last request: 0.000500 seconds.
  path: Assets/image/character/FOOT_L.png
  artifactKey: Guid(23771ea25240fa049844e4c070fe16ee) Importer(815301076,1909f56bfc062723c751e8b465ee728b)
Start importing Assets/image/character/FOOT_L.png using Guid(23771ea25240fa049844e4c070fe16ee) Importer(815301076,1909f56bfc062723c751e8b465ee728b)  -> (artifact id: '3ce118dcd812ea0c0326fe2dea0bfd31') in 0.152684 seconds
  Import took 0.158382 seconds .

========================================================================
Received Import Request.
  Time since last request: 0.000453 seconds.
  path: Assets/image/character/sis.png
  artifactKey: Guid(410bbf9bb20bdfb4ebf676ece2210456) Importer(815301076,1909f56bfc062723c751e8b465ee728b)
Start importing Assets/image/character/sis.png using Guid(410bbf9bb20bdfb4ebf676ece2210456) Importer(815301076,1909f56bfc062723c751e8b465ee728b)  -> (artifact id: '47edb7bc846131d9b2dab56b9ad797fa') in 0.120143 seconds
  Import took 0.123688 seconds .

========================================================================
Received Import Request.
  Time since last request: 0.000400 seconds.
  path: Assets/image/backgroung/SSroom.jpg
  artifactKey: Guid(076ccc7e39dfb6c48999e96b35adeebb) Importer(815301076,1909f56bfc062723c751e8b465ee728b)
Start importing Assets/image/backgroung/SSroom.jpg using Guid(076ccc7e39dfb6c48999e96b35adeebb) Importer(815301076,1909f56bfc062723c751e8b465ee728b)  -> (artifact id: 'b388596bc107093888284998ba93864f') in 0.160225 seconds
  Import took 0.163866 seconds .

========================================================================
Received Import Request.
  Time since last request: 0.000402 seconds.
  path: Assets/image/character/sister_head.png
  artifactKey: Guid(af420c40cbdb13f4bb18b0df8137d953) Importer(815301076,1909f56bfc062723c751e8b465ee728b)
Start importing Assets/image/character/sister_head.png using Guid(af420c40cbdb13f4bb18b0df8137d953) Importer(815301076,1909f56bfc062723c751e8b465ee728b)  -> (artifact id: 'dabf402f1706a5b7c780ec3a85bc2876') in 0.019263 seconds
  Import took 0.024513 seconds .

========================================================================
Received Import Request.
  Time since last request: 0.000422 seconds.
  path: Assets/image/game01/spoon_2.png
  artifactKey: Guid(8b779ea1de61e59479f645d32b136925) Importer(815301076,1909f56bfc062723c751e8b465ee728b)
Start importing Assets/image/game01/spoon_2.png using Guid(8b779ea1de61e59479f645d32b136925) Importer(815301076,1909f56bfc062723c751e8b465ee728b)  -> (artifact id: '49df6e2f4430c9b2198ce8bd321ead29') in 0.017952 seconds
  Import took 0.023013 seconds .

========================================================================
Received Import Request.
  Time since last request: 0.000438 seconds.
  path: Assets/image/character/sister.png
  artifactKey: Guid(406cf547160bad642a98688bc535d545) Importer(815301076,1909f56bfc062723c751e8b465ee728b)
Start importing Assets/image/character/sister.png using Guid(406cf547160bad642a98688bc535d545) Importer(815301076,1909f56bfc062723c751e8b465ee728b)  -> (artifact id: '5b23e2cdfd241842e5c7a1bd97849ae1') in 0.200457 seconds
  Import took 0.204487 seconds .

========================================================================
Received Import Request.
  Time since last request: 0.000412 seconds.
  path: Assets/Fungus/Textures/settings.png
  artifactKey: Guid(8d3c80dd0c2904cdbb745cf481348a76) Importer(815301076,1909f56bfc062723c751e8b465ee728b)
Start importing Assets/Fungus/Textures/settings.png using Guid(8d3c80dd0c2904cdbb745cf481348a76) Importer(815301076,1909f56bfc062723c751e8b465ee728b)  -> (artifact id: '99bc58520bb09c193a1da3612a4459d8') in 0.012590 seconds
  Import took 0.017101 seconds .

========================================================================
Received Import Request.
  Time since last request: 0.001185 seconds.
  path: Assets/image/start/START.1.png
  artifactKey: Guid(07d190341ab08374d8148cdc40b828cb) Importer(815301076,1909f56bfc062723c751e8b465ee728b)
Start importing Assets/image/start/START.1.png using Guid(07d190341ab08374d8148cdc40b828cb) Importer(815301076,1909f56bfc062723c751e8b465ee728b)  -> (artifact id: 'e9ab51644556550841760aa57e02ebc8') in 0.136994 seconds
  Import took 0.143231 seconds .

========================================================================
Received Import Request.
  Time since last request: 0.000368 seconds.
  path: Assets/image/game03/O01.png
  artifactKey: Guid(813f5dbe9c2fcd54e826803e7f8e6001) Importer(815301076,1909f56bfc062723c751e8b465ee728b)
Start importing Assets/image/game03/O01.png using Guid(813f5dbe9c2fcd54e826803e7f8e6001) Importer(815301076,1909f56bfc062723c751e8b465ee728b)  -> (artifact id: '428571cf6387f60feb01120c1bf61ef0') in 0.221885 seconds
  Import took 0.227626 seconds .

========================================================================
Received Import Request.
  Time since last request: 0.000418 seconds.
  path: Assets/Rhythm Game Tutorial/Graphics/K.png
  artifactKey: Guid(9a71323948ca9384ea0b31e6988bc1c9) Importer(815301076,1909f56bfc062723c751e8b465ee728b)
Start importing Assets/Rhythm Game Tutorial/Graphics/K.png using Guid(9a71323948ca9384ea0b31e6988bc1c9) Importer(815301076,1909f56bfc062723c751e8b465ee728b)  -> (artifact id: '919bb32229e8ef730cd1c4ba1021e9eb') in 0.010938 seconds
  Import took 0.015351 seconds .

========================================================================
Received Import Request.
  Time since last request: 0.000365 seconds.
  path: Assets/image/game01/spoon_1.png
  artifactKey: Guid(1edc18d06e9649440b2ba057c3febd07) Importer(815301076,1909f56bfc062723c751e8b465ee728b)
Start importing Assets/image/game01/spoon_1.png using Guid(1edc18d06e9649440b2ba057c3febd07) Importer(815301076,1909f56bfc062723c751e8b465ee728b)  -> (artifact id: '9997e99c919398bde44cb3069931505a') in 0.013902 seconds
  Import took 0.017686 seconds .

========================================================================
Received Import Request.
  Time since last request: 0.000483 seconds.
  path: Assets/image/character/head主R.png
  artifactKey: Guid(9da76d5ea1103364a83c9cc5658dd7ba) Importer(815301076,1909f56bfc062723c751e8b465ee728b)
Start importing Assets/image/character/head主R.png using Guid(9da76d5ea1103364a83c9cc5658dd7ba) Importer(815301076,1909f56bfc062723c751e8b465ee728b)  -> (artifact id: 'eb558e9567a5e95ce2f70f9b0af95f3b') in 0.034957 seconds
  Import took 0.041281 seconds .

========================================================================
Received Import Request.
  Time since last request: 0.001383 seconds.
  path: Assets/image/game03/O03.png
  artifactKey: Guid(2265b341cd9146f4aa55314868edaba8) Importer(815301076,1909f56bfc062723c751e8b465ee728b)
Start importing Assets/image/game03/O03.png using Guid(2265b341cd9146f4aa55314868edaba8) Importer(815301076,1909f56bfc062723c751e8b465ee728b)  -> (artifact id: '9674def537aff93ca47f790cb844b270') in 0.207607 seconds
  Import took 0.212447 seconds .

========================================================================
Received Import Request.
  Time since last request: 0.000387 seconds.
  path: Assets/Fungus/Textures/OptionButtonHighlighted.png
  artifactKey: Guid(888feb4a32e3b564fb7e6f9b28cc8e10) Importer(815301076,1909f56bfc062723c751e8b465ee728b)
Start importing Assets/Fungus/Textures/OptionButtonHighlighted.png using Guid(888feb4a32e3b564fb7e6f9b28cc8e10) Importer(815301076,1909f56bfc062723c751e8b465ee728b)  -> (artifact id: '3ab57417a8d1454a81c5aad6ce2d457d') in 0.321936 seconds
  Import took 0.325931 seconds .

========================================================================
Received Import Request.
  Time since last request: 0.000376 seconds.
  path: Assets/image/game03/origin.png
  artifactKey: Guid(b668711472fb6de4eb360a1ecc9bacc1) Importer(815301076,1909f56bfc062723c751e8b465ee728b)
Start importing Assets/image/game03/origin.png using Guid(b668711472fb6de4eb360a1ecc9bacc1) Importer(815301076,1909f56bfc062723c751e8b465ee728b)  -> (artifact id: 'f03badb6501eb8c759d95fdf9ee1ac86') in 0.129675 seconds
  Import took 0.328355 seconds .

========================================================================
Received Import Request.
  Time since last request: 0.000428 seconds.
  path: Assets/Fungus/Textures/ContinueIcon.png
  artifactKey: Guid(226248ac6f184e448af731df91b91958) Importer(815301076,1909f56bfc062723c751e8b465ee728b)
Start importing Assets/Fungus/Textures/ContinueIcon.png using Guid(226248ac6f184e448af731df91b91958) Importer(815301076,1909f56bfc062723c751e8b465ee728b)  -> (artifact id: '8484c04f0855ddc17a7c9f5e8e5b8ab2') in 0.247380 seconds
  Import took 0.251053 seconds .

========================================================================
Received Import Request.
  Time since last request: 0.000409 seconds.
  path: Assets/image/character/Q版 爺.png
  artifactKey: Guid(7ad12013e0895b8448833d9dadd4cd75) Importer(815301076,1909f56bfc062723c751e8b465ee728b)
Start importing Assets/image/character/Q版 爺.png using Guid(7ad12013e0895b8448833d9dadd4cd75) Importer(815301076,1909f56bfc062723c751e8b465ee728b)  -> (artifact id: '3c62157f9d526d340c6d871416da63a8') in 0.013379 seconds
  Import took 0.016987 seconds .

========================================================================
Received Import Request.
  Time since last request: 0.000406 seconds.
  path: Assets/Rhythm Game Tutorial/Graphics/effects.png
  artifactKey: Guid(9d063b79be80b2b4886e4c74b45f8a29) Importer(815301076,1909f56bfc062723c751e8b465ee728b)
Start importing Assets/Rhythm Game Tutorial/Graphics/effects.png using Guid(9d063b79be80b2b4886e4c74b45f8a29) Importer(815301076,1909f56bfc062723c751e8b465ee728b)  -> (artifact id: '6712c94a2aebd865737657c1095325f3') in 0.092185 seconds
  Import took 0.096547 seconds .

========================================================================
Received Import Request.
  Time since last request: 0.000462 seconds.
  path: Assets/image/character/head爺R.png
  artifactKey: Guid(c43b98aa098a16c4b8804e749ce53fd5) Importer(815301076,1909f56bfc062723c751e8b465ee728b)
Start importing Assets/image/character/head爺R.png using Guid(c43b98aa098a16c4b8804e749ce53fd5) Importer(815301076,1909f56bfc062723c751e8b465ee728b)  -> (artifact id: 'c7789cc468d60e326abd559356a6de35') in 0.280383 seconds
  Import took 0.284088 seconds .

========================================================================
Received Import Request.
  Time since last request: 0.000392 seconds.
  path: Assets/image/character/gp.png
  artifactKey: Guid(a7045215d2c21414da47e24dcafc904c) Importer(815301076,1909f56bfc062723c751e8b465ee728b)
Start importing Assets/image/character/gp.png using Guid(a7045215d2c21414da47e24dcafc904c) Importer(815301076,1909f56bfc062723c751e8b465ee728b)  -> (artifact id: '0542603381194d31a0945f53c1f75c57') in 0.013961 seconds
  Import took 0.018898 seconds .

========================================================================
Received Import Request.
  Time since last request: 0.000572 seconds.
  path: Assets/NE.png
  artifactKey: Guid(e08c63f2ab15d2d4b8e91e7fbd4d54f1) Importer(815301076,1909f56bfc062723c751e8b465ee728b)
Start importing Assets/NE.png using Guid(e08c63f2ab15d2d4b8e91e7fbd4d54f1) Importer(815301076,1909f56bfc062723c751e8b465ee728b)  -> (artifact id: 'c326832bbda72ffe70f7672bf2d7451e') in 0.017284 seconds
  Import took 0.022152 seconds .

========================================================================
Received Import Request.
  Time since last request: 0.000437 seconds.
  path: Assets/image/game01/kirito.png
  artifactKey: Guid(9f85fd912d92edc449ad3f5ca8c5e575) Importer(815301076,1909f56bfc062723c751e8b465ee728b)
Start importing Assets/image/game01/kirito.png using Guid(9f85fd912d92edc449ad3f5ca8c5e575) Importer(815301076,1909f56bfc062723c751e8b465ee728b)  -> (artifact id: 'b67cded1404b8d5ce8f52bb27591c9c7') in 0.025005 seconds
  Import took 0.032157 seconds .

========================================================================
Received Import Request.
  Time since last request: 8.830270 seconds.
  path: Assets/Scenes/LittleGame/littleG04_1.unity
  artifactKey: Guid(837e967cec656b74da60c9e3f8c46404) Importer(815301076,1909f56bfc062723c751e8b465ee728b)
Start importing Assets/Scenes/LittleGame/littleG04_1.unity using Guid(837e967cec656b74da60c9e3f8c46404) Importer(815301076,1909f56bfc062723c751e8b465ee728b)  -> (artifact id: 'b579ba1277996f92cdd15f18901f50a0') in 0.005275 seconds
  Import took 0.010925 seconds .

========================================================================
Received Import Request.
  Time since last request: 1.235112 seconds.
  path: Assets/Scenes/LittleGame/littleG03.unity
  artifactKey: Guid(c9910c6cfa5d7614f95df452a3d4e4cd) Importer(815301076,1909f56bfc062723c751e8b465ee728b)
Start importing Assets/Scenes/LittleGame/littleG03.unity using Guid(c9910c6cfa5d7614f95df452a3d4e4cd) Importer(815301076,1909f56bfc062723c751e8b465ee728b)  -> (artifact id: 'e138a4e34c95a651eaad33b0c0147d34') in 0.004900 seconds
  Import took 0.009866 seconds .

========================================================================
Received Import Request.
  Time since last request: 1.414058 seconds.
  path: Assets/Scenes/LittleGame/littleG01.unity
  artifactKey: Guid(72561d05cd8eabd44b519402b2e9f529) Importer(815301076,1909f56bfc062723c751e8b465ee728b)
Start importing Assets/Scenes/LittleGame/littleG01.unity using Guid(72561d05cd8eabd44b519402b2e9f529) Importer(815301076,1909f56bfc062723c751e8b465ee728b)  -> (artifact id: 'c7b6b3ecd7336c8042b73e1a6c3db40d') in 0.003651 seconds
  Import took 0.009056 seconds .

========================================================================
Received Import Request.
  Time since last request: 2.990950 seconds.
  path: Assets/Scenes/LittleGame/littleG06.unity
  artifactKey: Guid(93d24486454e25b4b8db82af0f74faa0) Importer(815301076,1909f56bfc062723c751e8b465ee728b)
Start importing Assets/Scenes/LittleGame/littleG06.unity using Guid(93d24486454e25b4b8db82af0f74faa0) Importer(815301076,1909f56bfc062723c751e8b465ee728b)  -> (artifact id: 'fe190e08e6fe0df075adfe755fddfb7c') in 0.004279 seconds
  Import took 0.009685 seconds .

========================================================================
Received Import Request.
  Time since last request: 6.709255 seconds.
  path: Assets/Scenes/LittleGame/音GAME.unity
  artifactKey: Guid(52e2c8d67ae91004ab9ebcc0074d9c29) Importer(815301076,1909f56bfc062723c751e8b465ee728b)
Start importing Assets/Scenes/LittleGame/音GAME.unity using Guid(52e2c8d67ae91004ab9ebcc0074d9c29) Importer(815301076,1909f56bfc062723c751e8b465ee728b)  -> (artifact id: '6b3fa6e0b26d8fad8a1b25a5774b4421') in 0.004710 seconds
  Import took 0.011387 seconds .

========================================================================
Received Import Request.
  Time since last request: 62.085322 seconds.
  path: Assets/image
  artifactKey: Guid(099355fff30ba0242a870a84946915cb) Importer(815301076,1909f56bfc062723c751e8b465ee728b)
Start importing Assets/image using Guid(099355fff30ba0242a870a84946915cb) Importer(815301076,1909f56bfc062723c751e8b465ee728b)  -> (artifact id: '2115a843eb04d9c6c7a95e73303ee6cd') in 0.003641 seconds
  Import took 0.009849 seconds .

========================================================================
Received Import Request.
  Time since last request: 0.060915 seconds.
  path: Assets/image/T_111.png
  artifactKey: Guid(2c2c7b261160b77498fec1582f6cf1f4) Importer(815301076,1909f56bfc062723c751e8b465ee728b)
Start importing Assets/image/T_111.png using Guid(2c2c7b261160b77498fec1582f6cf1f4) Importer(815301076,1909f56bfc062723c751e8b465ee728b)  -> (artifact id: 'b34a3af4a2fc854296b26720bc4b5fad') in 0.070051 seconds
  Import took 0.075948 seconds .

========================================================================
Received Import Request.
  Time since last request: 1.214934 seconds.
  path: Assets/image/character
  artifactKey: Guid(55550ac897f0a5a4b9575744ceeb4928) Importer(815301076,1909f56bfc062723c751e8b465ee728b)
Start importing Assets/image/character using Guid(55550ac897f0a5a4b9575744ceeb4928) Importer(815301076,1909f56bfc062723c751e8b465ee728b)  -> (artifact id: 'c018e73563b946ce930734622714754d') in 0.004431 seconds
  Import took 0.010863 seconds .

========================================================================
Received Import Request.
  Time since last request: 2.853214 seconds.
  path: Assets/image/character/女主.png
  artifactKey: Guid(4ea82b476d1387a4a8f512f89af5f7c2) Importer(815301076,1909f56bfc062723c751e8b465ee728b)
Start importing Assets/image/character/女主.png using Guid(4ea82b476d1387a4a8f512f89af5f7c2) Importer(815301076,1909f56bfc062723c751e8b465ee728b)  -> (artifact id: '8bbcb004c59a3a11f49e1f8a4ec2736d') in 0.028773 seconds
  Import took 0.033634 seconds .

========================================================================
Received Import Request.
  Time since last request: 0.000424 seconds.
  path: Assets/image/character/女主_head.png
  artifactKey: Guid(93b778065dc431a41bb28a33b44ebcd0) Importer(815301076,1909f56bfc062723c751e8b465ee728b)
Start importing Assets/image/character/女主_head.png using Guid(93b778065dc431a41bb28a33b44ebcd0) Importer(815301076,1909f56bfc062723c751e8b465ee728b)  -> (artifact id: '05a92a69c68b16f5780b46aefb1a3792') in 0.265244 seconds
  Import took 0.271178 seconds .

========================================================================
Received Import Request.
  Time since last request: 0.000554 seconds.
  path: Assets/image/character/母.png
  artifactKey: Guid(412cf12b11438744991130c476fdc7d6) Importer(815301076,1909f56bfc062723c751e8b465ee728b)
Start importing Assets/image/character/母.png using Guid(412cf12b11438744991130c476fdc7d6) Importer(815301076,1909f56bfc062723c751e8b465ee728b)  -> (artifact id: 'f3fed7625eecf5b8cd29bac0d4e2f764') in 0.221365 seconds
  Import took 0.227164 seconds .

========================================================================
Received Import Request.
  Time since last request: 0.000343 seconds.
  path: Assets/image/character/妹.png
  artifactKey: Guid(716dca00033d1cf4089d8c842eeac3e9) Importer(815301076,1909f56bfc062723c751e8b465ee728b)
Start importing Assets/image/character/妹.png using Guid(716dca00033d1cf4089d8c842eeac3e9) Importer(815301076,1909f56bfc062723c751e8b465ee728b)  -> (artifact id: '7700f6fbe6e3bfafb325c9b2eee0ad08') in 0.230114 seconds
  Import took 0.234243 seconds .

========================================================================
Received Import Request.
  Time since last request: 0.000370 seconds.
  path: Assets/image/character/母_head.png
  artifactKey: Guid(e0499561df229b44a852a27f89ae6b1f) Importer(815301076,1909f56bfc062723c751e8b465ee728b)
Start importing Assets/image/character/母_head.png using Guid(e0499561df229b44a852a27f89ae6b1f) Importer(815301076,1909f56bfc062723c751e8b465ee728b)  -> (artifact id: 'b352ded4fd1bb774f5eb6a199398df95') in 0.291799 seconds
  Import took 0.297051 seconds .

========================================================================
Received Import Request.
  Time since last request: 0.000487 seconds.
  path: Assets/image/character/妹_head.png
  artifactKey: Guid(fb90bd70051162e41833d98a196badfa) Importer(815301076,1909f56bfc062723c751e8b465ee728b)
Start importing Assets/image/character/妹_head.png using Guid(fb90bd70051162e41833d98a196badfa) Importer(815301076,1909f56bfc062723c751e8b465ee728b)  -> (artifact id: '992f40db068f005d7e2490ee6175a9f0') in 0.046289 seconds
  Import took 0.051685 seconds .

========================================================================
Received Import Request.
  Time since last request: 0.000397 seconds.
  path: Assets/image/character/爺_head.png
  artifactKey: Guid(deedd0f1f0c4295409e9cf366d21030d) Importer(815301076,1909f56bfc062723c751e8b465ee728b)
Start importing Assets/image/character/爺_head.png using Guid(deedd0f1f0c4295409e9cf366d21030d) Importer(815301076,1909f56bfc062723c751e8b465ee728b)  -> (artifact id: '0af7ee75333588c216c9f63efe44d055') in 0.040939 seconds
  Import took 0.048137 seconds .

========================================================================
Received Import Request.
  Time since last request: 0.000350 seconds.
  path: Assets/image/character/ＨAND_L.png
  artifactKey: Guid(5645687e722b3d340b0d9a0ad5d0b896) Importer(815301076,1909f56bfc062723c751e8b465ee728b)
Start importing Assets/image/character/ＨAND_L.png using Guid(5645687e722b3d340b0d9a0ad5d0b896) Importer(815301076,1909f56bfc062723c751e8b465ee728b)  -> (artifact id: 'decacc21fc7a77f91b3f819e210e84e9') in 0.125060 seconds
  Import took 0.130005 seconds .

========================================================================
Received Import Request.
  Time since last request: 0.000515 seconds.
  path: Assets/image/character/父さん.png
  artifactKey: Guid(520a116bbc5d9474f8e8a1b3f266c148) Importer(815301076,1909f56bfc062723c751e8b465ee728b)
Start importing Assets/image/character/父さん.png using Guid(520a116bbc5d9474f8e8a1b3f266c148) Importer(815301076,1909f56bfc062723c751e8b465ee728b)  -> (artifact id: '17f4140bdb62a4aa9fc52bb1dbd9287f') in 0.212325 seconds
  Import took 0.217194 seconds .

========================================================================
Received Import Request.
  Time since last request: 0.000365 seconds.
  path: Assets/image/character/父_head.png
  artifactKey: Guid(9f0f1ac48a95b7a46aa05eb5652579f0) Importer(815301076,1909f56bfc062723c751e8b465ee728b)
Start importing Assets/image/character/父_head.png using Guid(9f0f1ac48a95b7a46aa05eb5652579f0) Importer(815301076,1909f56bfc062723c751e8b465ee728b)  -> (artifact id: '03e92abd1288c9b2991f5c96ce0472cd') in 0.072714 seconds
  Import took 0.078299 seconds .

========================================================================
Received Import Request.
  Time since last request: 0.000375 seconds.
  path: Assets/image/character/父.png
  artifactKey: Guid(868853d8036b2ad40907a691b6ddbbc6) Importer(815301076,1909f56bfc062723c751e8b465ee728b)
Start importing Assets/image/character/父.png using Guid(868853d8036b2ad40907a691b6ddbbc6) Importer(815301076,1909f56bfc062723c751e8b465ee728b)  -> (artifact id: '733b5e3b3e678f30aa28b7187c1fd4bf') in 0.249496 seconds
  Import took 0.253575 seconds .

========================================================================
Received Import Request.
  Time since last request: 0.000438 seconds.
  path: Assets/image/character/爺.png
  artifactKey: Guid(7eb44e51de6cff2428ef4d655e52c91c) Importer(815301076,1909f56bfc062723c751e8b465ee728b)
Start importing Assets/image/character/爺.png using Guid(7eb44e51de6cff2428ef4d655e52c91c) Importer(815301076,1909f56bfc062723c751e8b465ee728b)  -> (artifact id: 'b0a93a99d716d45527039fc592b031d5') in 0.027583 seconds
  Import took 0.035138 seconds .

========================================================================
Received Prepare
Registering precompiled user dll's ...
Registered in 0.001147 seconds.
Begin MonoManager ReloadAssembly
Native extension for WindowsStandalone target not found
Refreshing native plugins compatible for Editor in 0.35 ms, found 0 plugins.
Preloading 0 native plugins for Editor in 0.00 ms.
Invoked RoslynAnalysisRunner static constructor.
RoslynAnalysisRunner will not be running.
RoslynAnalysisRunner has terminated.
Mono: successfully reloaded assembly
- Completed reload, in  0.975 seconds
Platform modules already initialized, skipping
Refreshing native plugins compatible for Editor in 0.40 ms, found 0 plugins.
Preloading 0 native plugins for Editor in 0.00 ms.
Unloading 2139 Unused Serialized files (Serialized files now loaded: 0)
System memory in use before: 93.8 MB.
System memory in use after: 94.0 MB.

Unloading 5 unused Assets to reduce memory usage. Loaded Objects now: 2731.
Total: 2.336300 ms (FindLiveObjects: 0.328300 ms CreateObjectMapping: 0.116200 ms MarkObjects: 1.846900 ms  DeleteObjects: 0.042900 ms)

========================================================================
Received Prepare
Registering precompiled user dll's ...
Registered in 0.001264 seconds.
Begin MonoManager ReloadAssembly
Native extension for WindowsStandalone target not found
Refreshing native plugins compatible for Editor in 0.64 ms, found 0 plugins.
Preloading 0 native plugins for Editor in 0.00 ms.
Invoked RoslynAnalysisRunner static constructor.
RoslynAnalysisRunner will not be running.
RoslynAnalysisRunner has terminated.
Mono: successfully reloaded assembly
- Completed reload, in  1.776 seconds
Platform modules already initialized, skipping
Refreshing native plugins compatible for Editor in 0.82 ms, found 0 plugins.
Preloading 0 native plugins for Editor in 0.00 ms.
Unloading 2139 Unused Serialized files (Serialized files now loaded: 0)
System memory in use before: 93.8 MB.
System memory in use after: 94.0 MB.

Unloading 5 unused Assets to reduce memory usage. Loaded Objects now: 2734.
Total: 8.001300 ms (FindLiveObjects: 1.191700 ms CreateObjectMapping: 0.479200 ms MarkObjects: 6.249100 ms  DeleteObjects: 0.074200 ms)

========================================================================
Received Prepare
Registering precompiled user dll's ...
Registered in 0.001196 seconds.
Begin MonoManager ReloadAssembly
Native extension for WindowsStandalone target not found
Refreshing native plugins compatible for Editor in 0.44 ms, found 0 plugins.
Preloading 0 native plugins for Editor in 0.00 ms.
Invoked RoslynAnalysisRunner static constructor.
RoslynAnalysisRunner will not be running.
RoslynAnalysisRunner has terminated.
Mono: successfully reloaded assembly
- Completed reload, in  1.314 seconds
Platform modules already initialized, skipping
Refreshing native plugins compatible for Editor in 0.44 ms, found 0 plugins.
Preloading 0 native plugins for Editor in 0.00 ms.
Unloading 2139 Unused Serialized files (Serialized files now loaded: 0)
System memory in use before: 93.9 MB.
System memory in use after: 94.1 MB.

Unloading 5 unused Assets to reduce memory usage. Loaded Objects now: 2737.
Total: 4.027900 ms (FindLiveObjects: 0.493600 ms CreateObjectMapping: 0.218800 ms MarkObjects: 3.282200 ms  DeleteObjects: 0.030800 ms)

========================================================================
Received Prepare
Registering precompiled user dll's ...
Registered in 0.001344 seconds.
Begin MonoManager ReloadAssembly
Native extension for WindowsStandalone target not found
Refreshing native plugins compatible for Editor in 0.44 ms, found 0 plugins.
Preloading 0 native plugins for Editor in 0.00 ms.
Invoked RoslynAnalysisRunner static constructor.
RoslynAnalysisRunner will not be running.
RoslynAnalysisRunner has terminated.
Mono: successfully reloaded assembly
- Completed reload, in  1.325 seconds
Platform modules already initialized, skipping
Refreshing native plugins compatible for Editor in 0.43 ms, found 0 plugins.
Preloading 0 native plugins for Editor in 0.00 ms.
Unloading 2139 Unused Serialized files (Serialized files now loaded: 0)
System memory in use before: 93.9 MB.
System memory in use after: 94.1 MB.

Unloading 5 unused Assets to reduce memory usage. Loaded Objects now: 2740.
Total: 2.566800 ms (FindLiveObjects: 0.282700 ms CreateObjectMapping: 0.153900 ms MarkObjects: 2.104300 ms  DeleteObjects: 0.024700 ms)

========================================================================
Received Prepare
Registering precompiled user dll's ...
Registered in 0.001843 seconds.
Begin MonoManager ReloadAssembly
Native extension for WindowsStandalone target not found
Refreshing native plugins compatible for Editor in 0.46 ms, found 0 plugins.
Preloading 0 native plugins for Editor in 0.00 ms.
Invoked RoslynAnalysisRunner static constructor.
RoslynAnalysisRunner will not be running.
RoslynAnalysisRunner has terminated.
Mono: successfully reloaded assembly
- Completed reload, in  1.474 seconds
Platform modules already initialized, skipping
Refreshing native plugins compatible for Editor in 0.76 ms, found 0 plugins.
Preloading 0 native plugins for Editor in 0.00 ms.
Unloading 2139 Unused Serialized files (Serialized files now loaded: 0)
System memory in use before: 93.8 MB.
System memory in use after: 94.0 MB.

Unloading 5 unused Assets to reduce memory usage. Loaded Objects now: 2743.
Total: 3.886800 ms (FindLiveObjects: 0.356200 ms CreateObjectMapping: 0.163500 ms MarkObjects: 3.340900 ms  DeleteObjects: 0.024700 ms)

========================================================================
Received Prepare
Registering precompiled user dll's ...
Registered in 0.001090 seconds.
Begin MonoManager ReloadAssembly
Native extension for WindowsStandalone target not found
Refreshing native plugins compatible for Editor in 0.41 ms, found 0 plugins.
Preloading 0 native plugins for Editor in 0.00 ms.
Invoked RoslynAnalysisRunner static constructor.
RoslynAnalysisRunner will not be running.
RoslynAnalysisRunner has terminated.
Mono: successfully reloaded assembly
- Completed reload, in  1.163 seconds
Platform modules already initialized, skipping
Refreshing native plugins compatible for Editor in 0.46 ms, found 0 plugins.
Preloading 0 native plugins for Editor in 0.00 ms.
Unloading 2139 Unused Serialized files (Serialized files now loaded: 0)
System memory in use before: 93.9 MB.
System memory in use after: 94.1 MB.

Unloading 5 unused Assets to reduce memory usage. Loaded Objects now: 2746.
Total: 2.501400 ms (FindLiveObjects: 0.337500 ms CreateObjectMapping: 0.149600 ms MarkObjects: 1.987700 ms  DeleteObjects: 0.024200 ms)

========================================================================
Received Prepare
Registering precompiled user dll's ...
Registered in 0.001043 seconds.
Begin MonoManager ReloadAssembly
Native extension for WindowsStandalone target not found
Refreshing native plugins compatible for Editor in 0.41 ms, found 0 plugins.
Preloading 0 native plugins for Editor in 0.00 ms.
Invoked RoslynAnalysisRunner static constructor.
RoslynAnalysisRunner will not be running.
RoslynAnalysisRunner has terminated.
Mono: successfully reloaded assembly
- Completed reload, in  1.210 seconds
Platform modules already initialized, skipping
Refreshing native plugins compatible for Editor in 0.45 ms, found 0 plugins.
Preloading 0 native plugins for Editor in 0.00 ms.
Unloading 2139 Unused Serialized files (Serialized files now loaded: 0)
System memory in use before: 93.9 MB.
System memory in use after: 94.1 MB.

Unloading 5 unused Assets to reduce memory usage. Loaded Objects now: 2749.
Total: 2.594500 ms (FindLiveObjects: 0.328100 ms CreateObjectMapping: 0.146200 ms MarkObjects: 2.098600 ms  DeleteObjects: 0.020200 ms)

========================================================================
Received Import Request.
  Time since last request: 6194.373395 seconds.
  path: Assets/Scenes
  artifactKey: Guid(83b46bcfe286554498c134dad2a0de68) Importer(815301076,1909f56bfc062723c751e8b465ee728b)
Start importing Assets/Scenes using Guid(83b46bcfe286554498c134dad2a0de68) Importer(815301076,1909f56bfc062723c751e8b465ee728b)  -> (artifact id: '0ac7ddd5812767aa0ebc4fe38991cde7') in 0.007547 seconds
  Import took 0.013420 seconds .

========================================================================
Received Import Request.
  Time since last request: 1.786613 seconds.
  path: Assets/Scenes/Chapter3
  artifactKey: Guid(29209d77e83b60143b9eb602d24bb39d) Importer(815301076,1909f56bfc062723c751e8b465ee728b)
Start importing Assets/Scenes/Chapter3 using Guid(29209d77e83b60143b9eb602d24bb39d) Importer(815301076,1909f56bfc062723c751e8b465ee728b)  -> (artifact id: '1ea422218c4d00e05b872f5e8e38f410') in 0.003975 seconds
  Import took 0.008618 seconds .

========================================================================
Received Prepare
Registering precompiled user dll's ...
Registered in 0.001256 seconds.
Begin MonoManager ReloadAssembly
Native extension for WindowsStandalone target not found
Refreshing native plugins compatible for Editor in 0.48 ms, found 0 plugins.
Preloading 0 native plugins for Editor in 0.00 ms.
Invoked RoslynAnalysisRunner static constructor.
RoslynAnalysisRunner will not be running.
RoslynAnalysisRunner has terminated.
Mono: successfully reloaded assembly
- Completed reload, in  1.198 seconds
Platform modules already initialized, skipping
Refreshing native plugins compatible for Editor in 0.50 ms, found 0 plugins.
Preloading 0 native plugins for Editor in 0.00 ms.
Unloading 2139 Unused Serialized files (Serialized files now loaded: 0)
System memory in use before: 93.9 MB.
System memory in use after: 94.1 MB.

Unloading 5 unused Assets to reduce memory usage. Loaded Objects now: 2752.
Total: 3.045900 ms (FindLiveObjects: 0.460600 ms CreateObjectMapping: 0.152300 ms MarkObjects: 2.412800 ms  DeleteObjects: 0.018600 ms)

========================================================================
Received Prepare
Registering precompiled user dll's ...
Registered in 0.001207 seconds.
Begin MonoManager ReloadAssembly
Native extension for WindowsStandalone target not found
Refreshing native plugins compatible for Editor in 0.45 ms, found 0 plugins.
Preloading 0 native plugins for Editor in 0.00 ms.
Invoked RoslynAnalysisRunner static constructor.
RoslynAnalysisRunner will not be running.
RoslynAnalysisRunner has terminated.
Mono: successfully reloaded assembly
- Completed reload, in  1.563 seconds
Platform modules already initialized, skipping
Refreshing native plugins compatible for Editor in 0.47 ms, found 0 plugins.
Preloading 0 native plugins for Editor in 0.00 ms.
Unloading 2139 Unused Serialized files (Serialized files now loaded: 0)
System memory in use before: 93.9 MB.
System memory in use after: 94.1 MB.

Unloading 5 unused Assets to reduce memory usage. Loaded Objects now: 2755.
Total: 2.525100 ms (FindLiveObjects: 0.341500 ms CreateObjectMapping: 0.130900 ms MarkObjects: 2.029500 ms  DeleteObjects: 0.021400 ms)

========================================================================
Received Prepare
Registering precompiled user dll's ...
Registered in 0.001564 seconds.
Begin MonoManager ReloadAssembly
Native extension for WindowsStandalone target not found
Refreshing native plugins compatible for Editor in 0.92 ms, found 0 plugins.
Preloading 0 native plugins for Editor in 0.00 ms.
Invoked RoslynAnalysisRunner static constructor.
RoslynAnalysisRunner will not be running.
RoslynAnalysisRunner has terminated.
Mono: successfully reloaded assembly
- Completed reload, in  1.521 seconds
Platform modules already initialized, skipping
Refreshing native plugins compatible for Editor in 0.77 ms, found 0 plugins.
Preloading 0 native plugins for Editor in 0.00 ms.
Unloading 2139 Unused Serialized files (Serialized files now loaded: 0)
System memory in use before: 93.8 MB.
System memory in use after: 94.0 MB.

Unloading 5 unused Assets to reduce memory usage. Loaded Objects now: 2758.
Total: 3.965100 ms (FindLiveObjects: 0.727000 ms CreateObjectMapping: 0.248200 ms MarkObjects: 2.966200 ms  DeleteObjects: 0.022000 ms)

========================================================================
Received Prepare
Registering precompiled user dll's ...
Registered in 0.002125 seconds.
Begin MonoManager ReloadAssembly
Native extension for WindowsStandalone target not found
Refreshing native plugins compatible for Editor in 2.35 ms, found 0 plugins.
Preloading 0 native plugins for Editor in 0.00 ms.
Invoked RoslynAnalysisRunner static constructor.
RoslynAnalysisRunner will not be running.
RoslynAnalysisRunner has terminated.
Mono: successfully reloaded assembly
- Completed reload, in  2.757 seconds
Platform modules already initialized, skipping
Refreshing native plugins compatible for Editor in 1.94 ms, found 0 plugins.
Preloading 0 native plugins for Editor in 0.00 ms.
Unloading 2139 Unused Serialized files (Serialized files now loaded: 0)
System memory in use before: 93.9 MB.
System memory in use after: 94.1 MB.

Unloading 5 unused Assets to reduce memory usage. Loaded Objects now: 2761.
Total: 12.591200 ms (FindLiveObjects: 1.292600 ms CreateObjectMapping: 0.370000 ms MarkObjects: 10.869500 ms  DeleteObjects: 0.052100 ms)

========================================================================
Received Import Request.
  Time since last request: 953.460219 seconds.
  path: Assets/Scenes/LittleGame
  artifactKey: Guid(cc000ca690885a74ea900db8c5681986) Importer(815301076,1909f56bfc062723c751e8b465ee728b)
Start importing Assets/Scenes/LittleGame using Guid(cc000ca690885a74ea900db8c5681986) Importer(815301076,1909f56bfc062723c751e8b465ee728b)  -> (artifact id: '667b01c8878b44453543fc460cbd5ebe') in 0.010033 seconds
  Import took 0.017155 seconds .

========================================================================
Received Import Request.
  Time since last request: 3.804831 seconds.
  path: Assets/Scenes/LittleGame/littleG06Settings.lighting
  artifactKey: Guid(c68c924cb094ad84f8fb73905542d651) Importer(815301076,1909f56bfc062723c751e8b465ee728b)
Start importing Assets/Scenes/LittleGame/littleG06Settings.lighting using Guid(c68c924cb094ad84f8fb73905542d651) Importer(815301076,1909f56bfc062723c751e8b465ee728b)  -> (artifact id: 'aa8167b8447332a42a38c75c26236529') in 0.051620 seconds
  Import took 0.056480 seconds .

========================================================================
Received Prepare
Registering precompiled user dll's ...
Registered in 0.002032 seconds.
Begin MonoManager ReloadAssembly
Native extension for WindowsStandalone target not found
Refreshing native plugins compatible for Editor in 0.36 ms, found 0 plugins.
Preloading 0 native plugins for Editor in 0.00 ms.
Invoked RoslynAnalysisRunner static constructor.
RoslynAnalysisRunner will not be running.
RoslynAnalysisRunner has terminated.
Mono: successfully reloaded assembly
- Completed reload, in  1.015 seconds
Platform modules already initialized, skipping
Refreshing native plugins compatible for Editor in 0.49 ms, found 0 plugins.
Preloading 0 native plugins for Editor in 0.00 ms.
Unloading 2139 Unused Serialized files (Serialized files now loaded: 0)
System memory in use before: 93.9 MB.
System memory in use after: 94.1 MB.

Unloading 5 unused Assets to reduce memory usage. Loaded Objects now: 2764.
Total: 3.073600 ms (FindLiveObjects: 0.328100 ms CreateObjectMapping: 0.110200 ms MarkObjects: 2.582000 ms  DeleteObjects: 0.051700 ms)

========================================================================
Received Prepare
Registering precompiled user dll's ...
Registered in 0.001563 seconds.
Begin MonoManager ReloadAssembly
Native extension for WindowsStandalone target not found
Refreshing native plugins compatible for Editor in 0.41 ms, found 0 plugins.
Preloading 0 native plugins for Editor in 0.00 ms.
Invoked RoslynAnalysisRunner static constructor.
RoslynAnalysisRunner will not be running.
RoslynAnalysisRunner has terminated.
Mono: successfully reloaded assembly
- Completed reload, in  1.386 seconds
Platform modules already initialized, skipping
Refreshing native plugins compatible for Editor in 0.41 ms, found 0 plugins.
Preloading 0 native plugins for Editor in 0.00 ms.
Unloading 2139 Unused Serialized files (Serialized files now loaded: 0)
System memory in use before: 93.9 MB.
System memory in use after: 94.1 MB.

Unloading 5 unused Assets to reduce memory usage. Loaded Objects now: 2767.
Total: 3.678300 ms (FindLiveObjects: 0.599400 ms CreateObjectMapping: 0.208400 ms MarkObjects: 2.834300 ms  DeleteObjects: 0.033600 ms)

AssetImportWorkerClient::OnTransportError - code=2 error=End of file
