Using pre-set license
Built from '2020.3/staging' branch; Version is '2020.3.0f1 (c7b5465681fb) revision 13088070'; Using compiler version '192528614'; Build Type 'Release'
OS: 'Windows 10 Home; OS build 19041.928; Version 2004; 64bit' Language: 'zh' Physical Memory: 8076 MB
BatchMode: 1, IsHumanControllingUs: 0, StartBugReporterOnCrash: 0, Is64bit: 1, IsPro: 0

 COMMAND LINE ARGUMENTS:
D:\unity\2020.3.0f1\Editor\Unity.exe
-adb2
-batchMode
-noUpm
-name
AssetImportWorker0
-projectPath
D:/UnityProject/Finalwork_2D_Memory/Finalwork_2D_Memory
-logFile
Logs/AssetImportWorker0.log
-srvPort
7008
Successfully changed project path to: D:/UnityProject/Finalwork_2D_Memory/Finalwork_2D_Memory
D:/UnityProject/Finalwork_2D_Memory/Finalwork_2D_Memory
Using Asset Import Pipeline V2.
Refreshing native plugins compatible for Editor in 48.68 ms, found 0 plugins.
Preloading 0 native plugins for Editor in 0.00 ms.
Initialize engine version: 2020.3.0f1 (c7b5465681fb)
[Subsystems] Discovering subsystems at path D:/unity/2020.3.0f1/Editor/Data/Resources/UnitySubsystems
[Subsystems] Discovering subsystems at path D:/UnityProject/Finalwork_2D_Memory/Finalwork_2D_Memory/Assets
GfxDevice: creating device client; threaded=0
Direct3D:
    Version:  Direct3D 11.0 [level 11.1]
    Renderer: NVIDIA GeForce GTX 1050 Ti (ID=0x1c8c)
    Vendor:   
    VRAM:     4021 MB
    Driver:   27.21.14.6627
Initialize mono
Mono path[0] = 'D:/unity/2020.3.0f1/Editor/Data/Managed'
Mono path[1] = 'D:/unity/2020.3.0f1/Editor/Data/MonoBleedingEdge/lib/mono/unityjit'
Mono config path = 'D:/unity/2020.3.0f1/Editor/Data/MonoBleedingEdge/etc'
Using monoOptions --debugger-agent=transport=dt_socket,embedding=1,server=y,suspend=n,address=127.0.0.1:56740
Begin MonoManager ReloadAssembly
Registering precompiled unity dll's ...
Register platform support module: D:/unity/2020.3.0f1/Editor/Data/PlaybackEngines/WindowsStandaloneSupport/UnityEditor.WindowsStandalone.Extensions.dll
Registered in 0.001613 seconds.
Native extension for WindowsStandalone target not found
Refreshing native plugins compatible for Editor in 39.78 ms, found 0 plugins.
Preloading 0 native plugins for Editor in 0.00 ms.
Invoked RoslynAnalysisRunner static constructor.
RoslynAnalysisRunner will not be running.
RoslynAnalysisRunner has terminated.
Mono: successfully reloaded assembly
- Completed reload, in  1.938 seconds
Platform modules already initialized, skipping
Registering precompiled user dll's ...
Registered in 0.001932 seconds.
Begin MonoManager ReloadAssembly
Native extension for WindowsStandalone target not found
Refreshing native plugins compatible for Editor in 37.68 ms, found 0 plugins.
Preloading 0 native plugins for Editor in 0.00 ms.
Invoked RoslynAnalysisRunner static constructor.
RoslynAnalysisRunner will not be running.
RoslynAnalysisRunner has terminated.
Mono: successfully reloaded assembly
- Completed reload, in  1.117 seconds
Platform modules already initialized, skipping
========================================================================
Worker process is ready to serve import requests
Launched and connected shader compiler UnityShaderCompiler.exe after 0.10 seconds
Refreshing native plugins compatible for Editor in 0.46 ms, found 0 plugins.
Preloading 0 native plugins for Editor in 0.00 ms.
Unloading 2157 Unused Serialized files (Serialized files now loaded: 0)
System memory in use before: 90.8 MB.
System memory in use after: 90.9 MB.

Unloading 14 unused Assets to reduce memory usage. Loaded Objects now: 2606.
Total: 2.055400 ms (FindLiveObjects: 0.186800 ms CreateObjectMapping: 0.071100 ms MarkObjects: 1.673600 ms  DeleteObjects: 0.122800 ms)

========================================================================
Received Import Request.
  path: Assets/image/game04/2.png
  artifactKey: Guid(55528fe2dd0220f45a3d7a4422c81c12) Importer(815301076,1909f56bfc062723c751e8b465ee728b)
Start importing Assets/image/game04/2.png using Guid(55528fe2dd0220f45a3d7a4422c81c12) Importer(815301076,1909f56bfc062723c751e8b465ee728b)  -> (artifact id: '0e00da36ea91ef1010b8c8ce85c7cc55') in 0.516735 seconds
  Import took 0.606562 seconds .

========================================================================
Received Import Request.
  Time since last request: 0.001230 seconds.
  path: Assets/image/game04/4.png
  artifactKey: Guid(e8d1b131e38b2b04cba1a92f7de2a2b7) Importer(815301076,1909f56bfc062723c751e8b465ee728b)
Start importing Assets/image/game04/4.png using Guid(e8d1b131e38b2b04cba1a92f7de2a2b7) Importer(815301076,1909f56bfc062723c751e8b465ee728b)  -> (artifact id: '2b27bca063e709694f933f65c25e1e8b') in 0.033123 seconds
  Import took 0.099920 seconds .

========================================================================
Received Import Request.
  Time since last request: 0.000593 seconds.
  path: Assets/image/game04/1.png
  artifactKey: Guid(04ed7d9882af14043b28e8e7aa1014e8) Importer(815301076,1909f56bfc062723c751e8b465ee728b)
Start importing Assets/image/game04/1.png using Guid(04ed7d9882af14043b28e8e7aa1014e8) Importer(815301076,1909f56bfc062723c751e8b465ee728b)  -> (artifact id: '22d72b37553e1b87a3c50176b5ef90af') in 0.038047 seconds
  Import took 0.072802 seconds .

========================================================================
Received Import Request.
  Time since last request: 0.000476 seconds.
  path: Assets/image/game04/3.png
  artifactKey: Guid(d2758277a36b90f439dd1f34a4ea54da) Importer(815301076,1909f56bfc062723c751e8b465ee728b)
Start importing Assets/image/game04/3.png using Guid(d2758277a36b90f439dd1f34a4ea54da) Importer(815301076,1909f56bfc062723c751e8b465ee728b)  -> (artifact id: '2b428b188a1a7e72c17647765fdb82de') in 0.030454 seconds
  Import took 0.036154 seconds .

========================================================================
Received Import Request.
  Time since last request: 0.000479 seconds.
  path: Assets/image/game01/tea_1.png
  artifactKey: Guid(c6ae5d61bdfed454fa73a3cd99cdf3fa) Importer(815301076,1909f56bfc062723c751e8b465ee728b)
Start importing Assets/image/game01/tea_1.png using Guid(c6ae5d61bdfed454fa73a3cd99cdf3fa) Importer(815301076,1909f56bfc062723c751e8b465ee728b)  -> (artifact id: '6c8216a23553416d5797c76a69fef816') in 0.094575 seconds
  Import took 0.118064 seconds .

========================================================================
Received Prepare
Registering precompiled user dll's ...
Registered in 0.001453 seconds.
Begin MonoManager ReloadAssembly
Native extension for WindowsStandalone target not found
Refreshing native plugins compatible for Editor in 0.40 ms, found 0 plugins.
Preloading 0 native plugins for Editor in 0.00 ms.
Invoked RoslynAnalysisRunner static constructor.
RoslynAnalysisRunner will not be running.
RoslynAnalysisRunner has terminated.
Mono: successfully reloaded assembly
- Completed reload, in  1.099 seconds
Platform modules already initialized, skipping
Refreshing native plugins compatible for Editor in 0.42 ms, found 0 plugins.
Preloading 0 native plugins for Editor in 0.00 ms.
Unloading 2139 Unused Serialized files (Serialized files now loaded: 0)
System memory in use before: 92.9 MB.
System memory in use after: 93.0 MB.

Unloading 5 unused Assets to reduce memory usage. Loaded Objects now: 2617.
Total: 2.431800 ms (FindLiveObjects: 0.416100 ms CreateObjectMapping: 0.198100 ms MarkObjects: 1.795200 ms  DeleteObjects: 0.020300 ms)

========================================================================
Received Prepare
Registering precompiled user dll's ...
Registered in 0.001174 seconds.
Begin MonoManager ReloadAssembly
Native extension for WindowsStandalone target not found
Refreshing native plugins compatible for Editor in 0.39 ms, found 0 plugins.
Preloading 0 native plugins for Editor in 0.00 ms.
Invoked RoslynAnalysisRunner static constructor.
RoslynAnalysisRunner will not be running.
RoslynAnalysisRunner has terminated.
Mono: successfully reloaded assembly
- Completed reload, in  0.976 seconds
Platform modules already initialized, skipping
Refreshing native plugins compatible for Editor in 0.40 ms, found 0 plugins.
Preloading 0 native plugins for Editor in 0.00 ms.
Unloading 2139 Unused Serialized files (Serialized files now loaded: 0)
System memory in use before: 93.0 MB.
System memory in use after: 93.1 MB.

Unloading 5 unused Assets to reduce memory usage. Loaded Objects now: 2620.
Total: 2.103800 ms (FindLiveObjects: 0.202400 ms CreateObjectMapping: 0.073100 ms MarkObjects: 1.791300 ms  DeleteObjects: 0.035700 ms)

========================================================================
Received Prepare
Registering precompiled user dll's ...
Registered in 0.001003 seconds.
Begin MonoManager ReloadAssembly
Native extension for WindowsStandalone target not found
Refreshing native plugins compatible for Editor in 0.36 ms, found 0 plugins.
Preloading 0 native plugins for Editor in 0.00 ms.
Invoked RoslynAnalysisRunner static constructor.
RoslynAnalysisRunner will not be running.
RoslynAnalysisRunner has terminated.
Mono: successfully reloaded assembly
- Completed reload, in  1.022 seconds
Platform modules already initialized, skipping
Refreshing native plugins compatible for Editor in 0.39 ms, found 0 plugins.
Preloading 0 native plugins for Editor in 0.00 ms.
Unloading 2139 Unused Serialized files (Serialized files now loaded: 0)
System memory in use before: 93.0 MB.
System memory in use after: 93.1 MB.

Unloading 5 unused Assets to reduce memory usage. Loaded Objects now: 2623.
Total: 2.401200 ms (FindLiveObjects: 0.247900 ms CreateObjectMapping: 0.116600 ms MarkObjects: 1.986900 ms  DeleteObjects: 0.047500 ms)

========================================================================
Received Prepare
Registering precompiled user dll's ...
Registered in 0.001230 seconds.
Begin MonoManager ReloadAssembly
Native extension for WindowsStandalone target not found
Refreshing native plugins compatible for Editor in 0.43 ms, found 0 plugins.
Preloading 0 native plugins for Editor in 0.00 ms.
Invoked RoslynAnalysisRunner static constructor.
RoslynAnalysisRunner will not be running.
RoslynAnalysisRunner has terminated.
Mono: successfully reloaded assembly
- Completed reload, in  1.240 seconds
Platform modules already initialized, skipping
Refreshing native plugins compatible for Editor in 0.42 ms, found 0 plugins.
Preloading 0 native plugins for Editor in 0.00 ms.
Unloading 2139 Unused Serialized files (Serialized files now loaded: 0)
System memory in use before: 93.0 MB.
System memory in use after: 93.1 MB.

Unloading 5 unused Assets to reduce memory usage. Loaded Objects now: 2626.
Total: 2.448600 ms (FindLiveObjects: 0.282000 ms CreateObjectMapping: 0.124300 ms MarkObjects: 2.017900 ms  DeleteObjects: 0.023200 ms)

AssetImportWorkerClient::OnTransportError - code=2 error=End of file
